[0.055s] Invoking command in '/home/robot11/theseus_mecanum/UartToSbus/ROS_galactic/build/chassis_controller': CMAKE_PREFIX_PATH=${CMAKE_PREFIX_PATH}:/home/robot11/theseus_mecanum/UartToSbus/ROS_galactic/install/chassis_controller_test:/opt/ros/galactic /usr/bin/cmake --build /home/robot11/theseus_mecanum/UartToSbus/ROS_galactic/build/chassis_controller -- -j4 -l4
[0.251s] [100%] Built target chassis_control
[0.665s] Invoked command in '/home/robot11/theseus_mecanum/UartToSbus/ROS_galactic/build/chassis_controller' returned '0': CMAKE_PREFIX_PATH=${CMAKE_PREFIX_PATH}:/home/robot11/theseus_mecanum/UartToSbus/ROS_galactic/install/chassis_controller_test:/opt/ros/galactic /usr/bin/cmake --build /home/robot11/theseus_mecanum/UartToSbus/ROS_galactic/build/chassis_controller -- -j4 -l4
[0.695s] Invoking command in '/home/robot11/theseus_mecanum/UartToSbus/ROS_galactic/build/chassis_controller': CMAKE_PREFIX_PATH=${CMAKE_PREFIX_PATH}:/home/robot11/theseus_mecanum/UartToSbus/ROS_galactic/install/chassis_controller_test:/opt/ros/galactic /usr/bin/cmake --install /home/robot11/theseus_mecanum/UartToSbus/ROS_galactic/build/chassis_controller
[0.716s] -- Install configuration: ""
[0.717s] -- Up-to-date: /home/robot11/theseus_mecanum/UartToSbus/ROS_galactic/install/chassis_controller/lib/chassis_controller/chassis_control
[0.717s] -- Up-to-date: /home/robot11/theseus_mecanum/UartToSbus/ROS_galactic/install/chassis_controller/share/ament_index/resource_index/package_run_dependencies/chassis_controller
[0.718s] -- Up-to-date: /home/robot11/theseus_mecanum/UartToSbus/ROS_galactic/install/chassis_controller/share/ament_index/resource_index/parent_prefix_path/chassis_controller
[0.718s] -- Up-to-date: /home/robot11/theseus_mecanum/UartToSbus/ROS_galactic/install/chassis_controller/share/chassis_controller/environment/ament_prefix_path.sh
[0.718s] -- Up-to-date: /home/robot11/theseus_mecanum/UartToSbus/ROS_galactic/install/chassis_controller/share/chassis_controller/environment/ament_prefix_path.dsv
[0.718s] -- Up-to-date: /home/robot11/theseus_mecanum/UartToSbus/ROS_galactic/install/chassis_controller/share/chassis_controller/environment/path.sh
[0.719s] -- Up-to-date: /home/robot11/theseus_mecanum/UartToSbus/ROS_galactic/install/chassis_controller/share/chassis_controller/environment/path.dsv
[0.719s] -- Up-to-date: /home/robot11/theseus_mecanum/UartToSbus/ROS_galactic/install/chassis_controller/share/chassis_controller/local_setup.bash
[0.719s] -- Up-to-date: /home/robot11/theseus_mecanum/UartToSbus/ROS_galactic/install/chassis_controller/share/chassis_controller/local_setup.sh
[0.719s] -- Up-to-date: /home/robot11/theseus_mecanum/UartToSbus/ROS_galactic/install/chassis_controller/share/chassis_controller/local_setup.zsh
[0.720s] -- Up-to-date: /home/robot11/theseus_mecanum/UartToSbus/ROS_galactic/install/chassis_controller/share/chassis_controller/local_setup.dsv
[0.720s] -- Installing: /home/robot11/theseus_mecanum/UartToSbus/ROS_galactic/install/chassis_controller/share/chassis_controller/package.dsv
[0.720s] -- Up-to-date: /home/robot11/theseus_mecanum/UartToSbus/ROS_galactic/install/chassis_controller/share/ament_index/resource_index/packages/chassis_controller
[0.720s] -- Up-to-date: /home/robot11/theseus_mecanum/UartToSbus/ROS_galactic/install/chassis_controller/share/chassis_controller/cmake/chassis_controllerConfig.cmake
[0.720s] -- Up-to-date: /home/robot11/theseus_mecanum/UartToSbus/ROS_galactic/install/chassis_controller/share/chassis_controller/cmake/chassis_controllerConfig-version.cmake
[0.720s] -- Up-to-date: /home/robot11/theseus_mecanum/UartToSbus/ROS_galactic/install/chassis_controller/share/chassis_controller/package.xml
[0.726s] Invoked command in '/home/robot11/theseus_mecanum/UartToSbus/ROS_galactic/build/chassis_controller' returned '0': CMAKE_PREFIX_PATH=${CMAKE_PREFIX_PATH}:/home/robot11/theseus_mecanum/UartToSbus/ROS_galactic/install/chassis_controller_test:/opt/ros/galactic /usr/bin/cmake --install /home/robot11/theseus_mecanum/UartToSbus/ROS_galactic/build/chassis_controller
