[0.064s] Invoking command in '/home/robot11/theseus_mecanum/UartToSbus/ROS_galactic/build/chassis_controller': CMAKE_PREFIX_PATH=${CMAKE_PREFIX_PATH}:/home/robot11/theseus_mecanum/UartToSbus/ROS_galactic/install/chassis_controller_test:/opt/ros/galactic /usr/bin/cmake --build /home/robot11/theseus_mecanum/UartToSbus/ROS_galactic/build/chassis_controller -- -j4 -l4
[1.262s] [100%] Built target chassis_control
[1.265s] Invoked command in '/home/robot11/theseus_mecanum/UartToSbus/ROS_galactic/build/chassis_controller' returned '0': CMAKE_PREFIX_PATH=${CMAKE_PREFIX_PATH}:/home/robot11/theseus_mecanum/UartToSbus/ROS_galactic/install/chassis_controller_test:/opt/ros/galactic /usr/bin/cmake --build /home/robot11/theseus_mecanum/UartToSbus/ROS_galactic/build/chassis_controller -- -j4 -l4
[1.296s] Invoking command in '/home/robot11/theseus_mecanum/UartToSbus/ROS_galactic/build/chassis_controller': CMAKE_PREFIX_PATH=${CMAKE_PREFIX_PATH}:/home/robot11/theseus_mecanum/UartToSbus/ROS_galactic/install/chassis_controller_test:/opt/ros/galactic /usr/bin/cmake --install /home/robot11/theseus_mecanum/UartToSbus/ROS_galactic/build/chassis_controller
[1.318s] -- Install configuration: ""
[1.322s] -- Up-to-date: /home/robot11/theseus_mecanum/UartToSbus/ROS_galactic/install/chassis_controller/lib/chassis_controller/chassis_control
[1.322s] -- Up-to-date: /home/robot11/theseus_mecanum/UartToSbus/ROS_galactic/install/chassis_controller/share/ament_index/resource_index/package_run_dependencies/chassis_controller
[1.323s] -- Up-to-date: /home/robot11/theseus_mecanum/UartToSbus/ROS_galactic/install/chassis_controller/share/ament_index/resource_index/parent_prefix_path/chassis_controller
[1.323s] -- Up-to-date: /home/robot11/theseus_mecanum/UartToSbus/ROS_galactic/install/chassis_controller/share/chassis_controller/environment/ament_prefix_path.sh
[1.324s] -- Up-to-date: /home/robot11/theseus_mecanum/UartToSbus/ROS_galactic/install/chassis_controller/share/chassis_controller/environment/ament_prefix_path.dsv
[1.324s] -- Up-to-date: /home/robot11/theseus_mecanum/UartToSbus/ROS_galactic/install/chassis_controller/share/chassis_controller/environment/path.sh
[1.324s] -- Up-to-date: /home/robot11/theseus_mecanum/UartToSbus/ROS_galactic/install/chassis_controller/share/chassis_controller/environment/path.dsv
[1.324s] -- Up-to-date: /home/robot11/theseus_mecanum/UartToSbus/ROS_galactic/install/chassis_controller/share/chassis_controller/local_setup.bash
[1.325s] -- Up-to-date: /home/robot11/theseus_mecanum/UartToSbus/ROS_galactic/install/chassis_controller/share/chassis_controller/local_setup.sh
[1.325s] -- Up-to-date: /home/robot11/theseus_mecanum/UartToSbus/ROS_galactic/install/chassis_controller/share/chassis_controller/local_setup.zsh
[1.326s] -- Up-to-date: /home/robot11/theseus_mecanum/UartToSbus/ROS_galactic/install/chassis_controller/share/chassis_controller/local_setup.dsv
[1.327s] -- Installing: /home/robot11/theseus_mecanum/UartToSbus/ROS_galactic/install/chassis_controller/share/chassis_controller/package.dsv
[1.331s] -- Up-to-date: /home/robot11/theseus_mecanum/UartToSbus/ROS_galactic/install/chassis_controller/share/ament_index/resource_index/packages/chassis_controller
[1.332s] -- Up-to-date: /home/robot11/theseus_mecanum/UartToSbus/ROS_galactic/install/chassis_controller/share/chassis_controller/cmake/chassis_controllerConfig.cmake
[1.332s] -- Up-to-date: /home/robot11/theseus_mecanum/UartToSbus/ROS_galactic/install/chassis_controller/share/chassis_controller/cmake/chassis_controllerConfig-version.cmake
[1.332s] -- Up-to-date: /home/robot11/theseus_mecanum/UartToSbus/ROS_galactic/install/chassis_controller/share/chassis_controller/package.xml
[1.338s] Invoked command in '/home/robot11/theseus_mecanum/UartToSbus/ROS_galactic/build/chassis_controller' returned '0': CMAKE_PREFIX_PATH=${CMAKE_PREFIX_PATH}:/home/robot11/theseus_mecanum/UartToSbus/ROS_galactic/install/chassis_controller_test:/opt/ros/galactic /usr/bin/cmake --install /home/robot11/theseus_mecanum/UartToSbus/ROS_galactic/build/chassis_controller
