-- Found ament_cmake: 1.3.11 (/opt/ros/humble/share/ament_cmake/cmake)
-- Found rclcpp: 16.0.11 (/opt/ros/humble/share/rclcpp/cmake)
-- Found rosidl_generator_c: 3.1.6 (/opt/ros/humble/share/rosidl_generator_c/cmake)
-- Found rosidl_adapter: 3.1.6 (/opt/ros/humble/share/rosidl_adapter/cmake)
-- Found rosidl_generator_cpp: 3.1.6 (/opt/ros/humble/share/rosidl_generator_cpp/cmake)
-- Using all available rosidl_typesupport_c: rosidl_typesupport_fastrtps_c;rosidl_typesupport_introspection_c
-- Using all available rosidl_typesupport_cpp: rosidl_typesupport_fastrtps_cpp;rosidl_typesupport_introspection_cpp
-- Found rmw_implementation_cmake: 6.1.2 (/opt/ros/humble/share/rmw_implementation_cmake/cmake)
-- Found rmw_fastrtps_cpp: 6.2.7 (/opt/ros/humble/share/rmw_fastrtps_cpp/cmake)
-- Using RMW implementation 'rmw_fastrtps_cpp' as default
-- Configuring done
-- Generating done
-- Build files have been written to: /home/sputnik/Voloneiz/UartToSbus/ROS_humble/src/chassis_controller/build/chassis_controller
[ 50%] [32mBuilding CXX object CMakeFiles/chassis_controll.dir/src/chassis_controller.cpp.o[0m
In file included from [01m[K/home/sputnik/Voloneiz/UartToSbus/ROS_humble/src/chassis_controller/src/chassis_controller.cpp:6[m[K:
[01m[K/home/sputnik/Voloneiz/UartToSbus/ROS_humble/src/chassis_controller/include/chassis_controller/chassis_controller.hpp:4:10:[m[K [01;31m[Kfatal error: [m[Kserial/serial.h: No such file or directory
    4 | #include [01;31m[K<serial/serial.h>[m[K
      |          [01;31m[K^~~~~~~~~~~~~~~~~[m[K
compilation terminated.
gmake[2]: *** [CMakeFiles/chassis_controll.dir/build.make:76: CMakeFiles/chassis_controll.dir/src/chassis_controller.cpp.o] Error 1
gmake[1]: *** [CMakeFiles/Makefile2:137: CMakeFiles/chassis_controll.dir/all] Error 2
gmake: *** [Makefile:146: all] Error 2
