[0.495s] DEBUG:colcon:Command line arguments: ['/usr/bin/colcon', 'build']
[0.496s] DEBUG:colcon:Parsed command line arguments: Namespace(allow_overriding=[], ament_cmake_args=None, base_paths=['.'], build_base='build', catkin_cmake_args=None, catkin_skip_building_tests=False, cmake_args=None, cmake_clean_cache=False, cmake_clean_first=False, cmake_force_configure=False, cmake_target=None, cmake_target_skip_unavailable=False, continue_on_error=False, event_handlers=None, executor='parallel', ignore_user_meta=False, install_base='install', log_base=None, log_level=None, main=<bound method BuildVerb.main of <colcon_core.verb.build.BuildVerb object at 0xffffa805c310>>, merge_install=False, metas=['./colcon.meta'], packages_above=None, packages_above_and_dependencies=None, packages_above_depth=None, packages_end=None, packages_ignore=None, packages_ignore_regex=None, packages_select=None, packages_select_build_failed=False, packages_select_by_dep=None, packages_select_regex=None, packages_select_test_failures=False, packages_skip=None, packages_skip_build_finished=False, packages_skip_by_dep=None, packages_skip_regex=None, packages_skip_test_passed=False, packages_skip_up_to=None, packages_start=None, packages_up_to=None, packages_up_to_regex=None, parallel_workers=4, paths=None, symlink_install=False, test_result_base=None, verb_extension=<colcon_core.verb.build.BuildVerb object at 0xffffa805c310>, verb_name='build', verb_parser=<colcon_defaults.argument_parser.defaults.DefaultArgumentsDecorator object at 0xffffa805c880>)
[0.903s] Level 1:colcon.colcon_core.package_discovery:discover_packages(colcon_meta) check parameters
[0.903s] Level 1:colcon.colcon_core.package_discovery:discover_packages(recursive) check parameters
[0.903s] Level 1:colcon.colcon_core.package_discovery:discover_packages(ignore) check parameters
[0.903s] Level 1:colcon.colcon_core.package_discovery:discover_packages(path) check parameters
[0.903s] Level 1:colcon.colcon_core.package_discovery:discover_packages(colcon_meta) discover
[0.904s] Level 1:colcon.colcon_core.package_discovery:discover_packages(recursive) discover
[0.904s] INFO:colcon.colcon_core.package_discovery:Crawling recursively for packages in '/home/robot11/theseus_mecanum/UartToSbus/ROS_galactic'
[0.904s] Level 1:colcon.colcon_core.package_identification:_identify(.) by extensions ['ignore', 'ignore_ament_install']
[0.904s] Level 1:colcon.colcon_core.package_identification:_identify(.) by extension 'ignore'
[0.905s] Level 1:colcon.colcon_core.package_identification:_identify(.) by extension 'ignore_ament_install'
[0.905s] Level 1:colcon.colcon_core.package_identification:_identify(.) by extensions ['colcon_pkg']
[0.905s] Level 1:colcon.colcon_core.package_identification:_identify(.) by extension 'colcon_pkg'
[0.905s] Level 1:colcon.colcon_core.package_identification:_identify(.) by extensions ['colcon_meta']
[0.905s] Level 1:colcon.colcon_core.package_identification:_identify(.) by extension 'colcon_meta'
[0.905s] Level 1:colcon.colcon_core.package_identification:_identify(.) by extensions ['ros']
[0.905s] Level 1:colcon.colcon_core.package_identification:_identify(.) by extension 'ros'
[0.932s] Level 1:colcon.colcon_core.package_identification:_identify(.) by extensions ['cmake', 'python']
[0.933s] Level 1:colcon.colcon_core.package_identification:_identify(.) by extension 'cmake'
[0.933s] Level 1:colcon.colcon_core.package_identification:_identify(.) by extension 'python'
[0.933s] Level 1:colcon.colcon_core.package_identification:_identify(.) by extensions ['python_setup_py']
[0.933s] Level 1:colcon.colcon_core.package_identification:_identify(.) by extension 'python_setup_py'
[0.933s] Level 1:colcon.colcon_core.package_identification:_identify(build) by extensions ['ignore', 'ignore_ament_install']
[0.934s] Level 1:colcon.colcon_core.package_identification:_identify(build) by extension 'ignore'
[0.934s] Level 1:colcon.colcon_core.package_identification:_identify(build) ignored
[0.934s] Level 1:colcon.colcon_core.package_identification:_identify(install) by extensions ['ignore', 'ignore_ament_install']
[0.935s] Level 1:colcon.colcon_core.package_identification:_identify(install) by extension 'ignore'
[0.935s] Level 1:colcon.colcon_core.package_identification:_identify(install) ignored
[0.935s] Level 1:colcon.colcon_core.package_identification:_identify(log) by extensions ['ignore', 'ignore_ament_install']
[0.935s] Level 1:colcon.colcon_core.package_identification:_identify(log) by extension 'ignore'
[0.935s] Level 1:colcon.colcon_core.package_identification:_identify(log) ignored
[0.936s] Level 1:colcon.colcon_core.package_identification:_identify(src) by extensions ['ignore', 'ignore_ament_install']
[0.936s] Level 1:colcon.colcon_core.package_identification:_identify(src) by extension 'ignore'
[0.936s] Level 1:colcon.colcon_core.package_identification:_identify(src) by extension 'ignore_ament_install'
[0.936s] Level 1:colcon.colcon_core.package_identification:_identify(src) by extensions ['colcon_pkg']
[0.936s] Level 1:colcon.colcon_core.package_identification:_identify(src) by extension 'colcon_pkg'
[0.936s] Level 1:colcon.colcon_core.package_identification:_identify(src) by extensions ['colcon_meta']
[0.936s] Level 1:colcon.colcon_core.package_identification:_identify(src) by extension 'colcon_meta'
[0.936s] Level 1:colcon.colcon_core.package_identification:_identify(src) by extensions ['ros']
[0.937s] Level 1:colcon.colcon_core.package_identification:_identify(src) by extension 'ros'
[0.937s] Level 1:colcon.colcon_core.package_identification:_identify(src) by extensions ['cmake', 'python']
[0.937s] Level 1:colcon.colcon_core.package_identification:_identify(src) by extension 'cmake'
[0.937s] Level 1:colcon.colcon_core.package_identification:_identify(src) by extension 'python'
[0.937s] Level 1:colcon.colcon_core.package_identification:_identify(src) by extensions ['python_setup_py']
[0.937s] Level 1:colcon.colcon_core.package_identification:_identify(src) by extension 'python_setup_py'
[0.937s] Level 1:colcon.colcon_core.package_identification:_identify(src/chassis_controller) by extensions ['ignore', 'ignore_ament_install']
[0.938s] Level 1:colcon.colcon_core.package_identification:_identify(src/chassis_controller) by extension 'ignore'
[0.938s] Level 1:colcon.colcon_core.package_identification:_identify(src/chassis_controller) by extension 'ignore_ament_install'
[0.938s] Level 1:colcon.colcon_core.package_identification:_identify(src/chassis_controller) by extensions ['colcon_pkg']
[0.938s] Level 1:colcon.colcon_core.package_identification:_identify(src/chassis_controller) by extension 'colcon_pkg'
[0.938s] Level 1:colcon.colcon_core.package_identification:_identify(src/chassis_controller) by extensions ['colcon_meta']
[0.938s] Level 1:colcon.colcon_core.package_identification:_identify(src/chassis_controller) by extension 'colcon_meta'
[0.938s] Level 1:colcon.colcon_core.package_identification:_identify(src/chassis_controller) by extensions ['ros']
[0.938s] Level 1:colcon.colcon_core.package_identification:_identify(src/chassis_controller) by extension 'ros'
[0.945s] DEBUG:colcon.colcon_core.package_identification:Package 'src/chassis_controller' with type 'ros.ament_cmake' and name 'chassis_controller'
[0.945s] Level 1:colcon.colcon_core.package_identification:_identify(src/chassis_controller_test) by extensions ['ignore', 'ignore_ament_install']
[0.945s] Level 1:colcon.colcon_core.package_identification:_identify(src/chassis_controller_test) by extension 'ignore'
[0.946s] Level 1:colcon.colcon_core.package_identification:_identify(src/chassis_controller_test) by extension 'ignore_ament_install'
[0.946s] Level 1:colcon.colcon_core.package_identification:_identify(src/chassis_controller_test) by extensions ['colcon_pkg']
[0.946s] Level 1:colcon.colcon_core.package_identification:_identify(src/chassis_controller_test) by extension 'colcon_pkg'
[0.946s] Level 1:colcon.colcon_core.package_identification:_identify(src/chassis_controller_test) by extensions ['colcon_meta']
[0.946s] Level 1:colcon.colcon_core.package_identification:_identify(src/chassis_controller_test) by extension 'colcon_meta'
[0.946s] Level 1:colcon.colcon_core.package_identification:_identify(src/chassis_controller_test) by extensions ['ros']
[0.946s] Level 1:colcon.colcon_core.package_identification:_identify(src/chassis_controller_test) by extension 'ros'
[0.948s] DEBUG:colcon.colcon_core.package_identification:Package 'src/chassis_controller_test' with type 'ros.ament_python' and name 'chassis_controller_test'
[0.948s] Level 1:colcon.colcon_core.package_discovery:discover_packages(recursive) using defaults
[0.948s] Level 1:colcon.colcon_core.package_discovery:discover_packages(ignore) discover
[0.948s] Level 1:colcon.colcon_core.package_discovery:discover_packages(ignore) using defaults
[0.948s] Level 1:colcon.colcon_core.package_discovery:discover_packages(path) discover
[0.949s] Level 1:colcon.colcon_core.package_discovery:discover_packages(path) using defaults
[0.987s] Level 1:colcon.colcon_core.package_discovery:discover_packages(prefix_path) check parameters
[0.987s] Level 1:colcon.colcon_core.package_discovery:discover_packages(prefix_path) discover
[0.992s] DEBUG:colcon.colcon_installed_package_information.package_discovery:Found 2 installed packages in /home/robot11/theseus_mecanum/UartToSbus/ROS_galactic/install
[0.995s] DEBUG:colcon.colcon_installed_package_information.package_discovery:Found 268 installed packages in /opt/ros/galactic
[1.027s] Level 1:colcon.colcon_core.package_discovery:discover_packages(prefix_path) using defaults
[1.192s] Level 5:colcon.colcon_core.verb:set package 'chassis_controller' build argument 'cmake_args' from command line to 'None'
[1.192s] Level 5:colcon.colcon_core.verb:set package 'chassis_controller' build argument 'cmake_target' from command line to 'None'
[1.193s] Level 5:colcon.colcon_core.verb:set package 'chassis_controller' build argument 'cmake_target_skip_unavailable' from command line to 'False'
[1.193s] Level 5:colcon.colcon_core.verb:set package 'chassis_controller' build argument 'cmake_clean_cache' from command line to 'False'
[1.193s] Level 5:colcon.colcon_core.verb:set package 'chassis_controller' build argument 'cmake_clean_first' from command line to 'False'
[1.193s] Level 5:colcon.colcon_core.verb:set package 'chassis_controller' build argument 'cmake_force_configure' from command line to 'False'
[1.193s] Level 5:colcon.colcon_core.verb:set package 'chassis_controller' build argument 'ament_cmake_args' from command line to 'None'
[1.193s] Level 5:colcon.colcon_core.verb:set package 'chassis_controller' build argument 'catkin_cmake_args' from command line to 'None'
[1.193s] Level 5:colcon.colcon_core.verb:set package 'chassis_controller' build argument 'catkin_skip_building_tests' from command line to 'False'
[1.193s] DEBUG:colcon.colcon_core.verb:Building package 'chassis_controller' with the following arguments: {'ament_cmake_args': None, 'build_base': '/home/robot11/theseus_mecanum/UartToSbus/ROS_galactic/build/chassis_controller', 'catkin_cmake_args': None, 'catkin_skip_building_tests': False, 'cmake_args': None, 'cmake_clean_cache': False, 'cmake_clean_first': False, 'cmake_force_configure': False, 'cmake_target': None, 'cmake_target_skip_unavailable': False, 'install_base': '/home/robot11/theseus_mecanum/UartToSbus/ROS_galactic/install/chassis_controller', 'merge_install': False, 'path': '/home/robot11/theseus_mecanum/UartToSbus/ROS_galactic/src/chassis_controller', 'symlink_install': False, 'test_result_base': None}
[1.194s] Level 5:colcon.colcon_core.verb:set package 'chassis_controller_test' build argument 'cmake_args' from command line to 'None'
[1.194s] Level 5:colcon.colcon_core.verb:set package 'chassis_controller_test' build argument 'cmake_target' from command line to 'None'
[1.194s] Level 5:colcon.colcon_core.verb:set package 'chassis_controller_test' build argument 'cmake_target_skip_unavailable' from command line to 'False'
[1.194s] Level 5:colcon.colcon_core.verb:set package 'chassis_controller_test' build argument 'cmake_clean_cache' from command line to 'False'
[1.194s] Level 5:colcon.colcon_core.verb:set package 'chassis_controller_test' build argument 'cmake_clean_first' from command line to 'False'
[1.194s] Level 5:colcon.colcon_core.verb:set package 'chassis_controller_test' build argument 'cmake_force_configure' from command line to 'False'
[1.195s] Level 5:colcon.colcon_core.verb:set package 'chassis_controller_test' build argument 'ament_cmake_args' from command line to 'None'
[1.195s] Level 5:colcon.colcon_core.verb:set package 'chassis_controller_test' build argument 'catkin_cmake_args' from command line to 'None'
[1.195s] Level 5:colcon.colcon_core.verb:set package 'chassis_controller_test' build argument 'catkin_skip_building_tests' from command line to 'False'
[1.195s] DEBUG:colcon.colcon_core.verb:Building package 'chassis_controller_test' with the following arguments: {'ament_cmake_args': None, 'build_base': '/home/robot11/theseus_mecanum/UartToSbus/ROS_galactic/build/chassis_controller_test', 'catkin_cmake_args': None, 'catkin_skip_building_tests': False, 'cmake_args': None, 'cmake_clean_cache': False, 'cmake_clean_first': False, 'cmake_force_configure': False, 'cmake_target': None, 'cmake_target_skip_unavailable': False, 'install_base': '/home/robot11/theseus_mecanum/UartToSbus/ROS_galactic/install/chassis_controller_test', 'merge_install': False, 'path': '/home/robot11/theseus_mecanum/UartToSbus/ROS_galactic/src/chassis_controller_test', 'symlink_install': False, 'test_result_base': None}
[1.195s] INFO:colcon.colcon_core.executor:Executing jobs using 'parallel' executor
[1.198s] DEBUG:colcon.colcon_parallel_executor.executor.parallel:run_until_complete
[1.198s] INFO:colcon.colcon_ros.task.ament_cmake.build:Building ROS package in '/home/robot11/theseus_mecanum/UartToSbus/ROS_galactic/src/chassis_controller' with build type 'ament_cmake'
[1.199s] INFO:colcon.colcon_cmake.task.cmake.build:Building CMake package in '/home/robot11/theseus_mecanum/UartToSbus/ROS_galactic/src/chassis_controller'
[1.204s] INFO:colcon.colcon_core.plugin_system:Skipping extension 'colcon_core.shell.bat': Not used on non-Windows systems
[1.204s] INFO:colcon.colcon_core.shell:Skip shell extension 'powershell' for command environment: Not usable outside of PowerShell
[1.204s] DEBUG:colcon.colcon_core.shell:Skip shell extension 'dsv' for command environment
[1.217s] INFO:colcon.colcon_ros.task.ament_python.build:Building ROS package in '/home/robot11/theseus_mecanum/UartToSbus/ROS_galactic/src/chassis_controller_test' with build type 'ament_python'
[1.218s] Level 1:colcon.colcon_core.shell:create_environment_hook('chassis_controller_test', 'ament_prefix_path')
[1.219s] INFO:colcon.colcon_core.shell:Creating environment hook '/home/robot11/theseus_mecanum/UartToSbus/ROS_galactic/install/chassis_controller_test/share/chassis_controller_test/hook/ament_prefix_path.ps1'
[1.221s] INFO:colcon.colcon_core.shell:Creating environment descriptor '/home/robot11/theseus_mecanum/UartToSbus/ROS_galactic/install/chassis_controller_test/share/chassis_controller_test/hook/ament_prefix_path.dsv'
[1.223s] INFO:colcon.colcon_core.shell:Creating environment hook '/home/robot11/theseus_mecanum/UartToSbus/ROS_galactic/install/chassis_controller_test/share/chassis_controller_test/hook/ament_prefix_path.sh'
[1.224s] INFO:colcon.colcon_core.shell:Skip shell extension 'powershell' for command environment: Not usable outside of PowerShell
[1.225s] DEBUG:colcon.colcon_core.shell:Skip shell extension 'dsv' for command environment
[1.246s] DEBUG:colcon.colcon_core.event_handler.log_command:Invoking command in '/home/robot11/theseus_mecanum/UartToSbus/ROS_galactic/build/chassis_controller': CMAKE_PREFIX_PATH=${CMAKE_PREFIX_PATH}:/home/robot11/theseus_mecanum/UartToSbus/ROS_galactic/install/chassis_controller_test:/opt/ros/galactic /usr/bin/cmake --build /home/robot11/theseus_mecanum/UartToSbus/ROS_galactic/build/chassis_controller -- -j4 -l4
[1.867s] INFO:colcon.colcon_core.task.python.build:Building Python package in '/home/robot11/theseus_mecanum/UartToSbus/ROS_galactic/src/chassis_controller_test'
[1.869s] INFO:colcon.colcon_core.shell:Skip shell extension 'powershell' for command environment: Not usable outside of PowerShell
[1.869s] DEBUG:colcon.colcon_core.shell:Skip shell extension 'dsv' for command environment
[2.913s] DEBUG:colcon.colcon_core.event_handler.log_command:Invoking command in '/home/robot11/theseus_mecanum/UartToSbus/ROS_galactic/src/chassis_controller_test': PYTHONPATH=/home/robot11/theseus_mecanum/UartToSbus/ROS_galactic/build/chassis_controller_test/prefix_override:/usr/lib/python3/dist-packages/colcon_core/task/python/colcon_distutils_commands:/home/robot11/theseus_mecanum/UartToSbus/ROS_galactic/install/chassis_controller_test/lib/python3.8/site-packages:${PYTHONPATH} /usr/bin/python3 -W ignore:setup.py install is deprecated -W ignore:easy_install command is deprecated setup.py egg_info --egg-base ../../build/chassis_controller_test build --build-base /home/robot11/theseus_mecanum/UartToSbus/ROS_galactic/build/chassis_controller_test/build install --record /home/robot11/theseus_mecanum/UartToSbus/ROS_galactic/build/chassis_controller_test/install.log --single-version-externally-managed install_data
[3.720s] DEBUG:colcon.colcon_core.event_handler.log_command:Invoked command in '/home/robot11/theseus_mecanum/UartToSbus/ROS_galactic/src/chassis_controller_test' returned '0': PYTHONPATH=/home/robot11/theseus_mecanum/UartToSbus/ROS_galactic/build/chassis_controller_test/prefix_override:/usr/lib/python3/dist-packages/colcon_core/task/python/colcon_distutils_commands:/home/robot11/theseus_mecanum/UartToSbus/ROS_galactic/install/chassis_controller_test/lib/python3.8/site-packages:${PYTHONPATH} /usr/bin/python3 -W ignore:setup.py install is deprecated -W ignore:easy_install command is deprecated setup.py egg_info --egg-base ../../build/chassis_controller_test build --build-base /home/robot11/theseus_mecanum/UartToSbus/ROS_galactic/build/chassis_controller_test/build install --record /home/robot11/theseus_mecanum/UartToSbus/ROS_galactic/build/chassis_controller_test/install.log --single-version-externally-managed install_data
[3.726s] Level 1:colcon.colcon_core.environment:checking '/home/robot11/theseus_mecanum/UartToSbus/ROS_galactic/install/chassis_controller_test' for CMake module files
[3.728s] Level 1:colcon.colcon_core.environment:checking '/home/robot11/theseus_mecanum/UartToSbus/ROS_galactic/install/chassis_controller_test' for CMake config files
[3.731s] Level 1:colcon.colcon_core.environment:checking '/home/robot11/theseus_mecanum/UartToSbus/ROS_galactic/install/chassis_controller_test/lib'
[3.731s] Level 1:colcon.colcon_core.environment:checking '/home/robot11/theseus_mecanum/UartToSbus/ROS_galactic/install/chassis_controller_test/bin'
[3.731s] Level 1:colcon.colcon_core.environment:checking '/home/robot11/theseus_mecanum/UartToSbus/ROS_galactic/install/chassis_controller_test/lib/pkgconfig/chassis_controller_test.pc'
[3.732s] Level 1:colcon.colcon_core.environment:checking '/home/robot11/theseus_mecanum/UartToSbus/ROS_galactic/install/chassis_controller_test/lib/python3.8/site-packages'
[3.732s] Level 1:colcon.colcon_core.shell:create_environment_hook('chassis_controller_test', 'pythonpath')
[3.733s] INFO:colcon.colcon_core.shell:Creating environment hook '/home/robot11/theseus_mecanum/UartToSbus/ROS_galactic/install/chassis_controller_test/share/chassis_controller_test/hook/pythonpath.ps1'
[3.735s] INFO:colcon.colcon_core.shell:Creating environment descriptor '/home/robot11/theseus_mecanum/UartToSbus/ROS_galactic/install/chassis_controller_test/share/chassis_controller_test/hook/pythonpath.dsv'
[3.736s] INFO:colcon.colcon_core.shell:Creating environment hook '/home/robot11/theseus_mecanum/UartToSbus/ROS_galactic/install/chassis_controller_test/share/chassis_controller_test/hook/pythonpath.sh'
[3.737s] Level 1:colcon.colcon_core.environment:checking '/home/robot11/theseus_mecanum/UartToSbus/ROS_galactic/install/chassis_controller_test/bin'
[3.737s] Level 1:colcon.colcon_core.environment:create_environment_scripts_only(chassis_controller_test)
[3.738s] INFO:colcon.colcon_core.shell:Creating package script '/home/robot11/theseus_mecanum/UartToSbus/ROS_galactic/install/chassis_controller_test/share/chassis_controller_test/package.ps1'
[3.741s] INFO:colcon.colcon_core.shell:Creating package descriptor '/home/robot11/theseus_mecanum/UartToSbus/ROS_galactic/install/chassis_controller_test/share/chassis_controller_test/package.dsv'
[3.742s] INFO:colcon.colcon_core.shell:Creating package script '/home/robot11/theseus_mecanum/UartToSbus/ROS_galactic/install/chassis_controller_test/share/chassis_controller_test/package.sh'
[3.744s] INFO:colcon.colcon_core.shell:Creating package script '/home/robot11/theseus_mecanum/UartToSbus/ROS_galactic/install/chassis_controller_test/share/chassis_controller_test/package.bash'
[3.746s] INFO:colcon.colcon_core.shell:Creating package script '/home/robot11/theseus_mecanum/UartToSbus/ROS_galactic/install/chassis_controller_test/share/chassis_controller_test/package.zsh'
[3.748s] Level 1:colcon.colcon_core.environment:create_file_with_runtime_dependencies(/home/robot11/theseus_mecanum/UartToSbus/ROS_galactic/install/chassis_controller_test/share/colcon-core/packages/chassis_controller_test)
[20.959s] DEBUG:colcon.colcon_core.event_handler.log_command:Invoked command in '/home/robot11/theseus_mecanum/UartToSbus/ROS_galactic/build/chassis_controller' returned '0': CMAKE_PREFIX_PATH=${CMAKE_PREFIX_PATH}:/home/robot11/theseus_mecanum/UartToSbus/ROS_galactic/install/chassis_controller_test:/opt/ros/galactic /usr/bin/cmake --build /home/robot11/theseus_mecanum/UartToSbus/ROS_galactic/build/chassis_controller -- -j4 -l4
[20.991s] DEBUG:colcon.colcon_core.event_handler.log_command:Invoking command in '/home/robot11/theseus_mecanum/UartToSbus/ROS_galactic/build/chassis_controller': CMAKE_PREFIX_PATH=${CMAKE_PREFIX_PATH}:/home/robot11/theseus_mecanum/UartToSbus/ROS_galactic/install/chassis_controller_test:/opt/ros/galactic /usr/bin/cmake --install /home/robot11/theseus_mecanum/UartToSbus/ROS_galactic/build/chassis_controller
[21.025s] Level 1:colcon.colcon_core.environment:create_environment_scripts_only(chassis_controller)
[21.026s] Level 1:colcon.colcon_core.environment:checking '/home/robot11/theseus_mecanum/UartToSbus/ROS_galactic/install/chassis_controller' for CMake module files
[21.028s] DEBUG:colcon.colcon_core.event_handler.log_command:Invoked command in '/home/robot11/theseus_mecanum/UartToSbus/ROS_galactic/build/chassis_controller' returned '0': CMAKE_PREFIX_PATH=${CMAKE_PREFIX_PATH}:/home/robot11/theseus_mecanum/UartToSbus/ROS_galactic/install/chassis_controller_test:/opt/ros/galactic /usr/bin/cmake --install /home/robot11/theseus_mecanum/UartToSbus/ROS_galactic/build/chassis_controller
[21.029s] Level 1:colcon.colcon_core.environment:checking '/home/robot11/theseus_mecanum/UartToSbus/ROS_galactic/install/chassis_controller' for CMake config files
[21.030s] Level 1:colcon.colcon_core.shell:create_environment_hook('chassis_controller', 'cmake_prefix_path')
[21.031s] INFO:colcon.colcon_core.shell:Creating environment hook '/home/robot11/theseus_mecanum/UartToSbus/ROS_galactic/install/chassis_controller/share/chassis_controller/hook/cmake_prefix_path.ps1'
[21.033s] INFO:colcon.colcon_core.shell:Creating environment descriptor '/home/robot11/theseus_mecanum/UartToSbus/ROS_galactic/install/chassis_controller/share/chassis_controller/hook/cmake_prefix_path.dsv'
[21.035s] INFO:colcon.colcon_core.shell:Creating environment hook '/home/robot11/theseus_mecanum/UartToSbus/ROS_galactic/install/chassis_controller/share/chassis_controller/hook/cmake_prefix_path.sh'
[21.037s] Level 1:colcon.colcon_core.environment:checking '/home/robot11/theseus_mecanum/UartToSbus/ROS_galactic/install/chassis_controller/lib'
[21.038s] Level 1:colcon.colcon_core.environment:checking '/home/robot11/theseus_mecanum/UartToSbus/ROS_galactic/install/chassis_controller/bin'
[21.038s] Level 1:colcon.colcon_core.environment:checking '/home/robot11/theseus_mecanum/UartToSbus/ROS_galactic/install/chassis_controller/lib/pkgconfig/chassis_controller.pc'
[21.039s] Level 1:colcon.colcon_core.environment:checking '/home/robot11/theseus_mecanum/UartToSbus/ROS_galactic/install/chassis_controller/lib/python3.8/site-packages'
[21.040s] Level 1:colcon.colcon_core.environment:checking '/home/robot11/theseus_mecanum/UartToSbus/ROS_galactic/install/chassis_controller/bin'
[21.041s] INFO:colcon.colcon_core.shell:Creating package script '/home/robot11/theseus_mecanum/UartToSbus/ROS_galactic/install/chassis_controller/share/chassis_controller/package.ps1'
[21.042s] INFO:colcon.colcon_core.shell:Creating package descriptor '/home/robot11/theseus_mecanum/UartToSbus/ROS_galactic/install/chassis_controller/share/chassis_controller/package.dsv'
[21.044s] INFO:colcon.colcon_core.shell:Creating package script '/home/robot11/theseus_mecanum/UartToSbus/ROS_galactic/install/chassis_controller/share/chassis_controller/package.sh'
[21.045s] INFO:colcon.colcon_core.shell:Creating package script '/home/robot11/theseus_mecanum/UartToSbus/ROS_galactic/install/chassis_controller/share/chassis_controller/package.bash'
[21.047s] INFO:colcon.colcon_core.shell:Creating package script '/home/robot11/theseus_mecanum/UartToSbus/ROS_galactic/install/chassis_controller/share/chassis_controller/package.zsh'
[21.048s] Level 1:colcon.colcon_core.environment:create_file_with_runtime_dependencies(/home/robot11/theseus_mecanum/UartToSbus/ROS_galactic/install/chassis_controller/share/colcon-core/packages/chassis_controller)
[21.051s] Level 1:colcon.colcon_core.environment:create_environment_scripts_only(chassis_controller)
[21.051s] Level 1:colcon.colcon_core.environment:checking '/home/robot11/theseus_mecanum/UartToSbus/ROS_galactic/install/chassis_controller' for CMake module files
[21.053s] Level 1:colcon.colcon_core.environment:checking '/home/robot11/theseus_mecanum/UartToSbus/ROS_galactic/install/chassis_controller' for CMake config files
[21.053s] Level 1:colcon.colcon_core.shell:create_environment_hook('chassis_controller', 'cmake_prefix_path')
[21.054s] INFO:colcon.colcon_core.shell:Creating environment hook '/home/robot11/theseus_mecanum/UartToSbus/ROS_galactic/install/chassis_controller/share/chassis_controller/hook/cmake_prefix_path.ps1'
[21.055s] INFO:colcon.colcon_core.shell:Creating environment descriptor '/home/robot11/theseus_mecanum/UartToSbus/ROS_galactic/install/chassis_controller/share/chassis_controller/hook/cmake_prefix_path.dsv'
[21.056s] INFO:colcon.colcon_core.shell:Creating environment hook '/home/robot11/theseus_mecanum/UartToSbus/ROS_galactic/install/chassis_controller/share/chassis_controller/hook/cmake_prefix_path.sh'
[21.058s] Level 1:colcon.colcon_core.environment:checking '/home/robot11/theseus_mecanum/UartToSbus/ROS_galactic/install/chassis_controller/lib'
[21.058s] Level 1:colcon.colcon_core.environment:checking '/home/robot11/theseus_mecanum/UartToSbus/ROS_galactic/install/chassis_controller/bin'
[21.058s] Level 1:colcon.colcon_core.environment:checking '/home/robot11/theseus_mecanum/UartToSbus/ROS_galactic/install/chassis_controller/lib/pkgconfig/chassis_controller.pc'
[21.059s] Level 1:colcon.colcon_core.environment:checking '/home/robot11/theseus_mecanum/UartToSbus/ROS_galactic/install/chassis_controller/lib/python3.8/site-packages'
[21.059s] Level 1:colcon.colcon_core.environment:checking '/home/robot11/theseus_mecanum/UartToSbus/ROS_galactic/install/chassis_controller/bin'
[21.060s] INFO:colcon.colcon_core.shell:Creating package script '/home/robot11/theseus_mecanum/UartToSbus/ROS_galactic/install/chassis_controller/share/chassis_controller/package.ps1'
[21.061s] INFO:colcon.colcon_core.shell:Creating package descriptor '/home/robot11/theseus_mecanum/UartToSbus/ROS_galactic/install/chassis_controller/share/chassis_controller/package.dsv'
[21.062s] INFO:colcon.colcon_core.shell:Creating package script '/home/robot11/theseus_mecanum/UartToSbus/ROS_galactic/install/chassis_controller/share/chassis_controller/package.sh'
[21.063s] INFO:colcon.colcon_core.shell:Creating package script '/home/robot11/theseus_mecanum/UartToSbus/ROS_galactic/install/chassis_controller/share/chassis_controller/package.bash'
[21.065s] INFO:colcon.colcon_core.shell:Creating package script '/home/robot11/theseus_mecanum/UartToSbus/ROS_galactic/install/chassis_controller/share/chassis_controller/package.zsh'
[21.066s] Level 1:colcon.colcon_core.environment:create_file_with_runtime_dependencies(/home/robot11/theseus_mecanum/UartToSbus/ROS_galactic/install/chassis_controller/share/colcon-core/packages/chassis_controller)
[21.067s] DEBUG:colcon.colcon_parallel_executor.executor.parallel:closing loop
[21.067s] DEBUG:colcon.colcon_parallel_executor.executor.parallel:loop closed
[21.068s] DEBUG:colcon.colcon_parallel_executor.executor.parallel:run_until_complete finished with '0'
[21.068s] DEBUG:colcon.colcon_core.event_reactor:joining thread
[21.085s] INFO:colcon.colcon_core.plugin_system:Skipping extension 'colcon_notification.desktop_notification.terminal_notifier': Not used on non-Darwin systems
[21.085s] INFO:colcon.colcon_core.plugin_system:Skipping extension 'colcon_notification.desktop_notification.win32': Not used on non-Windows systems
[21.085s] INFO:colcon.colcon_notification.desktop_notification:Sending desktop notification using 'notify2'
[21.131s] DEBUG:colcon.colcon_core.event_reactor:joined thread
[21.132s] INFO:colcon.colcon_core.shell:Creating prefix script '/home/robot11/theseus_mecanum/UartToSbus/ROS_galactic/install/local_setup.ps1'
[21.135s] INFO:colcon.colcon_core.shell:Creating prefix util module '/home/robot11/theseus_mecanum/UartToSbus/ROS_galactic/install/_local_setup_util_ps1.py'
[21.138s] INFO:colcon.colcon_core.shell:Creating prefix chain script '/home/robot11/theseus_mecanum/UartToSbus/ROS_galactic/install/setup.ps1'
[21.141s] INFO:colcon.colcon_core.shell:Creating prefix script '/home/robot11/theseus_mecanum/UartToSbus/ROS_galactic/install/local_setup.sh'
[21.142s] INFO:colcon.colcon_core.shell:Creating prefix util module '/home/robot11/theseus_mecanum/UartToSbus/ROS_galactic/install/_local_setup_util_sh.py'
[21.144s] INFO:colcon.colcon_core.shell:Creating prefix chain script '/home/robot11/theseus_mecanum/UartToSbus/ROS_galactic/install/setup.sh'
[21.146s] INFO:colcon.colcon_core.shell:Creating prefix script '/home/robot11/theseus_mecanum/UartToSbus/ROS_galactic/install/local_setup.bash'
[21.148s] INFO:colcon.colcon_core.shell:Creating prefix chain script '/home/robot11/theseus_mecanum/UartToSbus/ROS_galactic/install/setup.bash'
[21.150s] INFO:colcon.colcon_core.shell:Creating prefix script '/home/robot11/theseus_mecanum/UartToSbus/ROS_galactic/install/local_setup.zsh'
[21.151s] INFO:colcon.colcon_core.shell:Creating prefix chain script '/home/robot11/theseus_mecanum/UartToSbus/ROS_galactic/install/setup.zsh'
