[0.502s] DEBUG:colcon:Command line arguments: ['/usr/bin/colcon', 'build']
[0.503s] DEBUG:colcon:Parsed command line arguments: Namespace(allow_overriding=[], ament_cmake_args=None, base_paths=['.'], build_base='build', catkin_cmake_args=None, catkin_skip_building_tests=False, cmake_args=None, cmake_clean_cache=False, cmake_clean_first=False, cmake_force_configure=False, cmake_target=None, cmake_target_skip_unavailable=False, continue_on_error=False, event_handlers=None, executor='parallel', ignore_user_meta=False, install_base='install', log_base=None, log_level=None, main=<bound method BuildVerb.main of <colcon_core.verb.build.BuildVerb object at 0xffff861e74c0>>, merge_install=False, metas=['./colcon.meta'], packages_above=None, packages_above_and_dependencies=None, packages_above_depth=None, packages_end=None, packages_ignore=None, packages_ignore_regex=None, packages_select=None, packages_select_build_failed=False, packages_select_by_dep=None, packages_select_regex=None, packages_select_test_failures=False, packages_skip=None, packages_skip_build_finished=False, packages_skip_by_dep=None, packages_skip_regex=None, packages_skip_test_passed=False, packages_skip_up_to=None, packages_start=None, packages_up_to=None, packages_up_to_regex=None, parallel_workers=4, paths=None, symlink_install=False, test_result_base=None, verb_extension=<colcon_core.verb.build.BuildVerb object at 0xffff861e74c0>, verb_name='build', verb_parser=<colcon_defaults.argument_parser.defaults.DefaultArgumentsDecorator object at 0xffff861e7a30>)
[0.903s] Level 1:colcon.colcon_core.package_discovery:discover_packages(colcon_meta) check parameters
[0.904s] Level 1:colcon.colcon_core.package_discovery:discover_packages(recursive) check parameters
[0.904s] Level 1:colcon.colcon_core.package_discovery:discover_packages(ignore) check parameters
[0.904s] Level 1:colcon.colcon_core.package_discovery:discover_packages(path) check parameters
[0.904s] Level 1:colcon.colcon_core.package_discovery:discover_packages(colcon_meta) discover
[0.904s] Level 1:colcon.colcon_core.package_discovery:discover_packages(recursive) discover
[0.904s] INFO:colcon.colcon_core.package_discovery:Crawling recursively for packages in '/home/robot11/theseus_mecanum/UartToSbus/ROS_galactic'
[0.905s] Level 1:colcon.colcon_core.package_identification:_identify(.) by extensions ['ignore', 'ignore_ament_install']
[0.905s] Level 1:colcon.colcon_core.package_identification:_identify(.) by extension 'ignore'
[0.905s] Level 1:colcon.colcon_core.package_identification:_identify(.) by extension 'ignore_ament_install'
[0.905s] Level 1:colcon.colcon_core.package_identification:_identify(.) by extensions ['colcon_pkg']
[0.905s] Level 1:colcon.colcon_core.package_identification:_identify(.) by extension 'colcon_pkg'
[0.905s] Level 1:colcon.colcon_core.package_identification:_identify(.) by extensions ['colcon_meta']
[0.905s] Level 1:colcon.colcon_core.package_identification:_identify(.) by extension 'colcon_meta'
[0.906s] Level 1:colcon.colcon_core.package_identification:_identify(.) by extensions ['ros']
[0.906s] Level 1:colcon.colcon_core.package_identification:_identify(.) by extension 'ros'
[0.933s] Level 1:colcon.colcon_core.package_identification:_identify(.) by extensions ['cmake', 'python']
[0.933s] Level 1:colcon.colcon_core.package_identification:_identify(.) by extension 'cmake'
[0.933s] Level 1:colcon.colcon_core.package_identification:_identify(.) by extension 'python'
[0.933s] Level 1:colcon.colcon_core.package_identification:_identify(.) by extensions ['python_setup_py']
[0.934s] Level 1:colcon.colcon_core.package_identification:_identify(.) by extension 'python_setup_py'
[0.934s] Level 1:colcon.colcon_core.package_identification:_identify(build) by extensions ['ignore', 'ignore_ament_install']
[0.934s] Level 1:colcon.colcon_core.package_identification:_identify(build) by extension 'ignore'
[0.934s] Level 1:colcon.colcon_core.package_identification:_identify(build) ignored
[0.935s] Level 1:colcon.colcon_core.package_identification:_identify(install) by extensions ['ignore', 'ignore_ament_install']
[0.935s] Level 1:colcon.colcon_core.package_identification:_identify(install) by extension 'ignore'
[0.935s] Level 1:colcon.colcon_core.package_identification:_identify(install) ignored
[0.935s] Level 1:colcon.colcon_core.package_identification:_identify(log) by extensions ['ignore', 'ignore_ament_install']
[0.936s] Level 1:colcon.colcon_core.package_identification:_identify(log) by extension 'ignore'
[0.936s] Level 1:colcon.colcon_core.package_identification:_identify(log) ignored
[0.936s] Level 1:colcon.colcon_core.package_identification:_identify(src) by extensions ['ignore', 'ignore_ament_install']
[0.936s] Level 1:colcon.colcon_core.package_identification:_identify(src) by extension 'ignore'
[0.936s] Level 1:colcon.colcon_core.package_identification:_identify(src) by extension 'ignore_ament_install'
[0.936s] Level 1:colcon.colcon_core.package_identification:_identify(src) by extensions ['colcon_pkg']
[0.937s] Level 1:colcon.colcon_core.package_identification:_identify(src) by extension 'colcon_pkg'
[0.937s] Level 1:colcon.colcon_core.package_identification:_identify(src) by extensions ['colcon_meta']
[0.937s] Level 1:colcon.colcon_core.package_identification:_identify(src) by extension 'colcon_meta'
[0.937s] Level 1:colcon.colcon_core.package_identification:_identify(src) by extensions ['ros']
[0.937s] Level 1:colcon.colcon_core.package_identification:_identify(src) by extension 'ros'
[0.937s] Level 1:colcon.colcon_core.package_identification:_identify(src) by extensions ['cmake', 'python']
[0.937s] Level 1:colcon.colcon_core.package_identification:_identify(src) by extension 'cmake'
[0.937s] Level 1:colcon.colcon_core.package_identification:_identify(src) by extension 'python'
[0.937s] Level 1:colcon.colcon_core.package_identification:_identify(src) by extensions ['python_setup_py']
[0.938s] Level 1:colcon.colcon_core.package_identification:_identify(src) by extension 'python_setup_py'
[0.938s] Level 1:colcon.colcon_core.package_identification:_identify(src/chassis_controller) by extensions ['ignore', 'ignore_ament_install']
[0.938s] Level 1:colcon.colcon_core.package_identification:_identify(src/chassis_controller) by extension 'ignore'
[0.938s] Level 1:colcon.colcon_core.package_identification:_identify(src/chassis_controller) by extension 'ignore_ament_install'
[0.938s] Level 1:colcon.colcon_core.package_identification:_identify(src/chassis_controller) by extensions ['colcon_pkg']
[0.938s] Level 1:colcon.colcon_core.package_identification:_identify(src/chassis_controller) by extension 'colcon_pkg'
[0.939s] Level 1:colcon.colcon_core.package_identification:_identify(src/chassis_controller) by extensions ['colcon_meta']
[0.939s] Level 1:colcon.colcon_core.package_identification:_identify(src/chassis_controller) by extension 'colcon_meta'
[0.939s] Level 1:colcon.colcon_core.package_identification:_identify(src/chassis_controller) by extensions ['ros']
[0.939s] Level 1:colcon.colcon_core.package_identification:_identify(src/chassis_controller) by extension 'ros'
[0.945s] DEBUG:colcon.colcon_core.package_identification:Package 'src/chassis_controller' with type 'ros.ament_cmake' and name 'chassis_controller'
[0.946s] Level 1:colcon.colcon_core.package_identification:_identify(src/chassis_controller_channels) by extensions ['ignore', 'ignore_ament_install']
[0.946s] Level 1:colcon.colcon_core.package_identification:_identify(src/chassis_controller_channels) by extension 'ignore'
[0.946s] Level 1:colcon.colcon_core.package_identification:_identify(src/chassis_controller_channels) by extension 'ignore_ament_install'
[0.946s] Level 1:colcon.colcon_core.package_identification:_identify(src/chassis_controller_channels) by extensions ['colcon_pkg']
[0.946s] Level 1:colcon.colcon_core.package_identification:_identify(src/chassis_controller_channels) by extension 'colcon_pkg'
[0.947s] Level 1:colcon.colcon_core.package_identification:_identify(src/chassis_controller_channels) by extensions ['colcon_meta']
[0.947s] Level 1:colcon.colcon_core.package_identification:_identify(src/chassis_controller_channels) by extension 'colcon_meta'
[0.947s] Level 1:colcon.colcon_core.package_identification:_identify(src/chassis_controller_channels) by extensions ['ros']
[0.947s] Level 1:colcon.colcon_core.package_identification:_identify(src/chassis_controller_channels) by extension 'ros'
[0.948s] DEBUG:colcon.colcon_core.package_identification:Package 'src/chassis_controller_channels' with type 'ros.ament_python' and name 'chassis_controller_channels'
[0.949s] Level 1:colcon.colcon_core.package_identification:_identify(src/chassis_controller_test) by extensions ['ignore', 'ignore_ament_install']
[0.949s] Level 1:colcon.colcon_core.package_identification:_identify(src/chassis_controller_test) by extension 'ignore'
[0.949s] Level 1:colcon.colcon_core.package_identification:_identify(src/chassis_controller_test) by extension 'ignore_ament_install'
[0.949s] Level 1:colcon.colcon_core.package_identification:_identify(src/chassis_controller_test) by extensions ['colcon_pkg']
[0.949s] Level 1:colcon.colcon_core.package_identification:_identify(src/chassis_controller_test) by extension 'colcon_pkg'
[0.950s] Level 1:colcon.colcon_core.package_identification:_identify(src/chassis_controller_test) by extensions ['colcon_meta']
[0.950s] Level 1:colcon.colcon_core.package_identification:_identify(src/chassis_controller_test) by extension 'colcon_meta'
[0.950s] Level 1:colcon.colcon_core.package_identification:_identify(src/chassis_controller_test) by extensions ['ros']
[0.950s] Level 1:colcon.colcon_core.package_identification:_identify(src/chassis_controller_test) by extension 'ros'
[0.951s] DEBUG:colcon.colcon_core.package_identification:Package 'src/chassis_controller_test' with type 'ros.ament_python' and name 'chassis_controller_test'
[0.951s] Level 1:colcon.colcon_core.package_discovery:discover_packages(recursive) using defaults
[0.952s] Level 1:colcon.colcon_core.package_discovery:discover_packages(ignore) discover
[0.952s] Level 1:colcon.colcon_core.package_discovery:discover_packages(ignore) using defaults
[0.952s] Level 1:colcon.colcon_core.package_discovery:discover_packages(path) discover
[0.952s] Level 1:colcon.colcon_core.package_discovery:discover_packages(path) using defaults
[0.991s] Level 1:colcon.colcon_core.package_discovery:discover_packages(prefix_path) check parameters
[0.991s] Level 1:colcon.colcon_core.package_discovery:discover_packages(prefix_path) discover
[0.996s] DEBUG:colcon.colcon_installed_package_information.package_discovery:Found 3 installed packages in /home/robot11/theseus_mecanum/UartToSbus/ROS_galactic/install
[0.999s] DEBUG:colcon.colcon_installed_package_information.package_discovery:Found 268 installed packages in /opt/ros/galactic
[1.033s] Level 1:colcon.colcon_core.package_discovery:discover_packages(prefix_path) using defaults
[1.197s] Level 5:colcon.colcon_core.verb:set package 'chassis_controller' build argument 'cmake_args' from command line to 'None'
[1.197s] Level 5:colcon.colcon_core.verb:set package 'chassis_controller' build argument 'cmake_target' from command line to 'None'
[1.197s] Level 5:colcon.colcon_core.verb:set package 'chassis_controller' build argument 'cmake_target_skip_unavailable' from command line to 'False'
[1.198s] Level 5:colcon.colcon_core.verb:set package 'chassis_controller' build argument 'cmake_clean_cache' from command line to 'False'
[1.198s] Level 5:colcon.colcon_core.verb:set package 'chassis_controller' build argument 'cmake_clean_first' from command line to 'False'
[1.198s] Level 5:colcon.colcon_core.verb:set package 'chassis_controller' build argument 'cmake_force_configure' from command line to 'False'
[1.198s] Level 5:colcon.colcon_core.verb:set package 'chassis_controller' build argument 'ament_cmake_args' from command line to 'None'
[1.198s] Level 5:colcon.colcon_core.verb:set package 'chassis_controller' build argument 'catkin_cmake_args' from command line to 'None'
[1.198s] Level 5:colcon.colcon_core.verb:set package 'chassis_controller' build argument 'catkin_skip_building_tests' from command line to 'False'
[1.198s] DEBUG:colcon.colcon_core.verb:Building package 'chassis_controller' with the following arguments: {'ament_cmake_args': None, 'build_base': '/home/robot11/theseus_mecanum/UartToSbus/ROS_galactic/build/chassis_controller', 'catkin_cmake_args': None, 'catkin_skip_building_tests': False, 'cmake_args': None, 'cmake_clean_cache': False, 'cmake_clean_first': False, 'cmake_force_configure': False, 'cmake_target': None, 'cmake_target_skip_unavailable': False, 'install_base': '/home/robot11/theseus_mecanum/UartToSbus/ROS_galactic/install/chassis_controller', 'merge_install': False, 'path': '/home/robot11/theseus_mecanum/UartToSbus/ROS_galactic/src/chassis_controller', 'symlink_install': False, 'test_result_base': None}
[1.199s] Level 5:colcon.colcon_core.verb:set package 'chassis_controller_channels' build argument 'cmake_args' from command line to 'None'
[1.199s] Level 5:colcon.colcon_core.verb:set package 'chassis_controller_channels' build argument 'cmake_target' from command line to 'None'
[1.199s] Level 5:colcon.colcon_core.verb:set package 'chassis_controller_channels' build argument 'cmake_target_skip_unavailable' from command line to 'False'
[1.199s] Level 5:colcon.colcon_core.verb:set package 'chassis_controller_channels' build argument 'cmake_clean_cache' from command line to 'False'
[1.199s] Level 5:colcon.colcon_core.verb:set package 'chassis_controller_channels' build argument 'cmake_clean_first' from command line to 'False'
[1.199s] Level 5:colcon.colcon_core.verb:set package 'chassis_controller_channels' build argument 'cmake_force_configure' from command line to 'False'
[1.199s] Level 5:colcon.colcon_core.verb:set package 'chassis_controller_channels' build argument 'ament_cmake_args' from command line to 'None'
[1.199s] Level 5:colcon.colcon_core.verb:set package 'chassis_controller_channels' build argument 'catkin_cmake_args' from command line to 'None'
[1.199s] Level 5:colcon.colcon_core.verb:set package 'chassis_controller_channels' build argument 'catkin_skip_building_tests' from command line to 'False'
[1.199s] DEBUG:colcon.colcon_core.verb:Building package 'chassis_controller_channels' with the following arguments: {'ament_cmake_args': None, 'build_base': '/home/robot11/theseus_mecanum/UartToSbus/ROS_galactic/build/chassis_controller_channels', 'catkin_cmake_args': None, 'catkin_skip_building_tests': False, 'cmake_args': None, 'cmake_clean_cache': False, 'cmake_clean_first': False, 'cmake_force_configure': False, 'cmake_target': None, 'cmake_target_skip_unavailable': False, 'install_base': '/home/robot11/theseus_mecanum/UartToSbus/ROS_galactic/install/chassis_controller_channels', 'merge_install': False, 'path': '/home/robot11/theseus_mecanum/UartToSbus/ROS_galactic/src/chassis_controller_channels', 'symlink_install': False, 'test_result_base': None}
[1.200s] Level 5:colcon.colcon_core.verb:set package 'chassis_controller_test' build argument 'cmake_args' from command line to 'None'
[1.200s] Level 5:colcon.colcon_core.verb:set package 'chassis_controller_test' build argument 'cmake_target' from command line to 'None'
[1.201s] Level 5:colcon.colcon_core.verb:set package 'chassis_controller_test' build argument 'cmake_target_skip_unavailable' from command line to 'False'
[1.201s] Level 5:colcon.colcon_core.verb:set package 'chassis_controller_test' build argument 'cmake_clean_cache' from command line to 'False'
[1.201s] Level 5:colcon.colcon_core.verb:set package 'chassis_controller_test' build argument 'cmake_clean_first' from command line to 'False'
[1.201s] Level 5:colcon.colcon_core.verb:set package 'chassis_controller_test' build argument 'cmake_force_configure' from command line to 'False'
[1.201s] Level 5:colcon.colcon_core.verb:set package 'chassis_controller_test' build argument 'ament_cmake_args' from command line to 'None'
[1.201s] Level 5:colcon.colcon_core.verb:set package 'chassis_controller_test' build argument 'catkin_cmake_args' from command line to 'None'
[1.201s] Level 5:colcon.colcon_core.verb:set package 'chassis_controller_test' build argument 'catkin_skip_building_tests' from command line to 'False'
[1.201s] DEBUG:colcon.colcon_core.verb:Building package 'chassis_controller_test' with the following arguments: {'ament_cmake_args': None, 'build_base': '/home/robot11/theseus_mecanum/UartToSbus/ROS_galactic/build/chassis_controller_test', 'catkin_cmake_args': None, 'catkin_skip_building_tests': False, 'cmake_args': None, 'cmake_clean_cache': False, 'cmake_clean_first': False, 'cmake_force_configure': False, 'cmake_target': None, 'cmake_target_skip_unavailable': False, 'install_base': '/home/robot11/theseus_mecanum/UartToSbus/ROS_galactic/install/chassis_controller_test', 'merge_install': False, 'path': '/home/robot11/theseus_mecanum/UartToSbus/ROS_galactic/src/chassis_controller_test', 'symlink_install': False, 'test_result_base': None}
[1.201s] INFO:colcon.colcon_core.executor:Executing jobs using 'parallel' executor
[1.204s] DEBUG:colcon.colcon_parallel_executor.executor.parallel:run_until_complete
[1.205s] INFO:colcon.colcon_ros.task.ament_cmake.build:Building ROS package in '/home/robot11/theseus_mecanum/UartToSbus/ROS_galactic/src/chassis_controller' with build type 'ament_cmake'
[1.205s] INFO:colcon.colcon_cmake.task.cmake.build:Building CMake package in '/home/robot11/theseus_mecanum/UartToSbus/ROS_galactic/src/chassis_controller'
[1.210s] INFO:colcon.colcon_core.plugin_system:Skipping extension 'colcon_core.shell.bat': Not used on non-Windows systems
[1.210s] INFO:colcon.colcon_core.shell:Skip shell extension 'powershell' for command environment: Not usable outside of PowerShell
[1.211s] DEBUG:colcon.colcon_core.shell:Skip shell extension 'dsv' for command environment
[1.223s] INFO:colcon.colcon_ros.task.ament_python.build:Building ROS package in '/home/robot11/theseus_mecanum/UartToSbus/ROS_galactic/src/chassis_controller_channels' with build type 'ament_python'
[1.224s] Level 1:colcon.colcon_core.shell:create_environment_hook('chassis_controller_channels', 'ament_prefix_path')
[1.225s] INFO:colcon.colcon_core.shell:Creating environment hook '/home/robot11/theseus_mecanum/UartToSbus/ROS_galactic/install/chassis_controller_channels/share/chassis_controller_channels/hook/ament_prefix_path.ps1'
[1.228s] INFO:colcon.colcon_core.shell:Creating environment descriptor '/home/robot11/theseus_mecanum/UartToSbus/ROS_galactic/install/chassis_controller_channels/share/chassis_controller_channels/hook/ament_prefix_path.dsv'
[1.229s] INFO:colcon.colcon_core.shell:Creating environment hook '/home/robot11/theseus_mecanum/UartToSbus/ROS_galactic/install/chassis_controller_channels/share/chassis_controller_channels/hook/ament_prefix_path.sh'
[1.231s] INFO:colcon.colcon_core.shell:Skip shell extension 'powershell' for command environment: Not usable outside of PowerShell
[1.231s] DEBUG:colcon.colcon_core.shell:Skip shell extension 'dsv' for command environment
[1.243s] INFO:colcon.colcon_ros.task.ament_python.build:Building ROS package in '/home/robot11/theseus_mecanum/UartToSbus/ROS_galactic/src/chassis_controller_test' with build type 'ament_python'
[1.244s] Level 1:colcon.colcon_core.shell:create_environment_hook('chassis_controller_test', 'ament_prefix_path')
[1.245s] INFO:colcon.colcon_core.shell:Creating environment hook '/home/robot11/theseus_mecanum/UartToSbus/ROS_galactic/install/chassis_controller_test/share/chassis_controller_test/hook/ament_prefix_path.ps1'
[1.247s] INFO:colcon.colcon_core.shell:Creating environment descriptor '/home/robot11/theseus_mecanum/UartToSbus/ROS_galactic/install/chassis_controller_test/share/chassis_controller_test/hook/ament_prefix_path.dsv'
[1.248s] INFO:colcon.colcon_core.shell:Creating environment hook '/home/robot11/theseus_mecanum/UartToSbus/ROS_galactic/install/chassis_controller_test/share/chassis_controller_test/hook/ament_prefix_path.sh'
[1.250s] INFO:colcon.colcon_core.shell:Skip shell extension 'powershell' for command environment: Not usable outside of PowerShell
[1.250s] DEBUG:colcon.colcon_core.shell:Skip shell extension 'dsv' for command environment
[1.274s] DEBUG:colcon.colcon_core.event_handler.log_command:Invoking command in '/home/robot11/theseus_mecanum/UartToSbus/ROS_galactic/build/chassis_controller': CMAKE_PREFIX_PATH=${CMAKE_PREFIX_PATH}:/home/robot11/theseus_mecanum/UartToSbus/ROS_galactic/install/chassis_controller_channels:/home/robot11/theseus_mecanum/UartToSbus/ROS_galactic/install/chassis_controller_test:/opt/ros/galactic /usr/bin/cmake --build /home/robot11/theseus_mecanum/UartToSbus/ROS_galactic/build/chassis_controller -- -j4 -l4
[1.875s] INFO:colcon.colcon_core.task.python.build:Building Python package in '/home/robot11/theseus_mecanum/UartToSbus/ROS_galactic/src/chassis_controller_channels'
[1.877s] INFO:colcon.colcon_core.shell:Skip shell extension 'powershell' for command environment: Not usable outside of PowerShell
[1.877s] DEBUG:colcon.colcon_core.shell:Skip shell extension 'dsv' for command environment
[2.485s] INFO:colcon.colcon_core.task.python.build:Building Python package in '/home/robot11/theseus_mecanum/UartToSbus/ROS_galactic/src/chassis_controller_test'
[2.487s] INFO:colcon.colcon_core.shell:Skip shell extension 'powershell' for command environment: Not usable outside of PowerShell
[2.487s] DEBUG:colcon.colcon_core.shell:Skip shell extension 'dsv' for command environment
[3.597s] DEBUG:colcon.colcon_core.event_handler.log_command:Invoking command in '/home/robot11/theseus_mecanum/UartToSbus/ROS_galactic/src/chassis_controller_test': PYTHONPATH=/home/robot11/theseus_mecanum/UartToSbus/ROS_galactic/build/chassis_controller_test/prefix_override:/usr/lib/python3/dist-packages/colcon_core/task/python/colcon_distutils_commands:/home/robot11/theseus_mecanum/UartToSbus/ROS_galactic/install/chassis_controller_test/lib/python3.8/site-packages:${PYTHONPATH} /usr/bin/python3 -W ignore:setup.py install is deprecated -W ignore:easy_install command is deprecated setup.py egg_info --egg-base ../../build/chassis_controller_test build --build-base /home/robot11/theseus_mecanum/UartToSbus/ROS_galactic/build/chassis_controller_test/build install --record /home/robot11/theseus_mecanum/UartToSbus/ROS_galactic/build/chassis_controller_test/install.log --single-version-externally-managed install_data
[3.608s] DEBUG:colcon.colcon_core.event_handler.log_command:Invoking command in '/home/robot11/theseus_mecanum/UartToSbus/ROS_galactic/src/chassis_controller_channels': PYTHONPATH=/home/robot11/theseus_mecanum/UartToSbus/ROS_galactic/build/chassis_controller_channels/prefix_override:/usr/lib/python3/dist-packages/colcon_core/task/python/colcon_distutils_commands:/home/robot11/theseus_mecanum/UartToSbus/ROS_galactic/install/chassis_controller_channels/lib/python3.8/site-packages:${PYTHONPATH} /usr/bin/python3 -W ignore:setup.py install is deprecated -W ignore:easy_install command is deprecated setup.py egg_info --egg-base ../../build/chassis_controller_channels build --build-base /home/robot11/theseus_mecanum/UartToSbus/ROS_galactic/build/chassis_controller_channels/build install --record /home/robot11/theseus_mecanum/UartToSbus/ROS_galactic/build/chassis_controller_channels/install.log --single-version-externally-managed install_data
[4.432s] DEBUG:colcon.colcon_core.event_handler.log_command:Invoked command in '/home/robot11/theseus_mecanum/UartToSbus/ROS_galactic/src/chassis_controller_channels' returned '0': PYTHONPATH=/home/robot11/theseus_mecanum/UartToSbus/ROS_galactic/build/chassis_controller_channels/prefix_override:/usr/lib/python3/dist-packages/colcon_core/task/python/colcon_distutils_commands:/home/robot11/theseus_mecanum/UartToSbus/ROS_galactic/install/chassis_controller_channels/lib/python3.8/site-packages:${PYTHONPATH} /usr/bin/python3 -W ignore:setup.py install is deprecated -W ignore:easy_install command is deprecated setup.py egg_info --egg-base ../../build/chassis_controller_channels build --build-base /home/robot11/theseus_mecanum/UartToSbus/ROS_galactic/build/chassis_controller_channels/build install --record /home/robot11/theseus_mecanum/UartToSbus/ROS_galactic/build/chassis_controller_channels/install.log --single-version-externally-managed install_data
[4.436s] Level 1:colcon.colcon_core.environment:checking '/home/robot11/theseus_mecanum/UartToSbus/ROS_galactic/install/chassis_controller_channels' for CMake module files
[4.438s] Level 1:colcon.colcon_core.environment:checking '/home/robot11/theseus_mecanum/UartToSbus/ROS_galactic/install/chassis_controller_channels' for CMake config files
[4.440s] Level 1:colcon.colcon_core.environment:checking '/home/robot11/theseus_mecanum/UartToSbus/ROS_galactic/install/chassis_controller_channels/lib'
[4.440s] Level 1:colcon.colcon_core.environment:checking '/home/robot11/theseus_mecanum/UartToSbus/ROS_galactic/install/chassis_controller_channels/bin'
[4.440s] Level 1:colcon.colcon_core.environment:checking '/home/robot11/theseus_mecanum/UartToSbus/ROS_galactic/install/chassis_controller_channels/lib/pkgconfig/chassis_controller_channels.pc'
[4.441s] Level 1:colcon.colcon_core.environment:checking '/home/robot11/theseus_mecanum/UartToSbus/ROS_galactic/install/chassis_controller_channels/lib/python3.8/site-packages'
[4.441s] Level 1:colcon.colcon_core.shell:create_environment_hook('chassis_controller_channels', 'pythonpath')
[4.442s] INFO:colcon.colcon_core.shell:Creating environment hook '/home/robot11/theseus_mecanum/UartToSbus/ROS_galactic/install/chassis_controller_channels/share/chassis_controller_channels/hook/pythonpath.ps1'
[4.444s] INFO:colcon.colcon_core.shell:Creating environment descriptor '/home/robot11/theseus_mecanum/UartToSbus/ROS_galactic/install/chassis_controller_channels/share/chassis_controller_channels/hook/pythonpath.dsv'
[4.445s] INFO:colcon.colcon_core.shell:Creating environment hook '/home/robot11/theseus_mecanum/UartToSbus/ROS_galactic/install/chassis_controller_channels/share/chassis_controller_channels/hook/pythonpath.sh'
[4.446s] Level 1:colcon.colcon_core.environment:checking '/home/robot11/theseus_mecanum/UartToSbus/ROS_galactic/install/chassis_controller_channels/bin'
[4.446s] Level 1:colcon.colcon_core.environment:create_environment_scripts_only(chassis_controller_channels)
[4.447s] INFO:colcon.colcon_core.shell:Creating package script '/home/robot11/theseus_mecanum/UartToSbus/ROS_galactic/install/chassis_controller_channels/share/chassis_controller_channels/package.ps1'
[4.451s] INFO:colcon.colcon_core.shell:Creating package descriptor '/home/robot11/theseus_mecanum/UartToSbus/ROS_galactic/install/chassis_controller_channels/share/chassis_controller_channels/package.dsv'
[4.453s] INFO:colcon.colcon_core.shell:Creating package script '/home/robot11/theseus_mecanum/UartToSbus/ROS_galactic/install/chassis_controller_channels/share/chassis_controller_channels/package.sh'
[4.455s] INFO:colcon.colcon_core.shell:Creating package script '/home/robot11/theseus_mecanum/UartToSbus/ROS_galactic/install/chassis_controller_channels/share/chassis_controller_channels/package.bash'
[4.457s] INFO:colcon.colcon_core.shell:Creating package script '/home/robot11/theseus_mecanum/UartToSbus/ROS_galactic/install/chassis_controller_channels/share/chassis_controller_channels/package.zsh'
[4.458s] Level 1:colcon.colcon_core.environment:create_file_with_runtime_dependencies(/home/robot11/theseus_mecanum/UartToSbus/ROS_galactic/install/chassis_controller_channels/share/colcon-core/packages/chassis_controller_channels)
[4.462s] Level 1:colcon.colcon_core.environment:checking '/home/robot11/theseus_mecanum/UartToSbus/ROS_galactic/install/chassis_controller_test' for CMake module files
[4.464s] DEBUG:colcon.colcon_core.event_handler.log_command:Invoked command in '/home/robot11/theseus_mecanum/UartToSbus/ROS_galactic/src/chassis_controller_test' returned '0': PYTHONPATH=/home/robot11/theseus_mecanum/UartToSbus/ROS_galactic/build/chassis_controller_test/prefix_override:/usr/lib/python3/dist-packages/colcon_core/task/python/colcon_distutils_commands:/home/robot11/theseus_mecanum/UartToSbus/ROS_galactic/install/chassis_controller_test/lib/python3.8/site-packages:${PYTHONPATH} /usr/bin/python3 -W ignore:setup.py install is deprecated -W ignore:easy_install command is deprecated setup.py egg_info --egg-base ../../build/chassis_controller_test build --build-base /home/robot11/theseus_mecanum/UartToSbus/ROS_galactic/build/chassis_controller_test/build install --record /home/robot11/theseus_mecanum/UartToSbus/ROS_galactic/build/chassis_controller_test/install.log --single-version-externally-managed install_data
[4.464s] Level 1:colcon.colcon_core.environment:checking '/home/robot11/theseus_mecanum/UartToSbus/ROS_galactic/install/chassis_controller_test' for CMake config files
[4.466s] Level 1:colcon.colcon_core.environment:checking '/home/robot11/theseus_mecanum/UartToSbus/ROS_galactic/install/chassis_controller_test/lib'
[4.466s] Level 1:colcon.colcon_core.environment:checking '/home/robot11/theseus_mecanum/UartToSbus/ROS_galactic/install/chassis_controller_test/bin'
[4.466s] Level 1:colcon.colcon_core.environment:checking '/home/robot11/theseus_mecanum/UartToSbus/ROS_galactic/install/chassis_controller_test/lib/pkgconfig/chassis_controller_test.pc'
[4.467s] Level 1:colcon.colcon_core.environment:checking '/home/robot11/theseus_mecanum/UartToSbus/ROS_galactic/install/chassis_controller_test/lib/python3.8/site-packages'
[4.467s] Level 1:colcon.colcon_core.shell:create_environment_hook('chassis_controller_test', 'pythonpath')
[4.467s] INFO:colcon.colcon_core.shell:Creating environment hook '/home/robot11/theseus_mecanum/UartToSbus/ROS_galactic/install/chassis_controller_test/share/chassis_controller_test/hook/pythonpath.ps1'
[4.469s] INFO:colcon.colcon_core.shell:Creating environment descriptor '/home/robot11/theseus_mecanum/UartToSbus/ROS_galactic/install/chassis_controller_test/share/chassis_controller_test/hook/pythonpath.dsv'
[4.469s] INFO:colcon.colcon_core.shell:Creating environment hook '/home/robot11/theseus_mecanum/UartToSbus/ROS_galactic/install/chassis_controller_test/share/chassis_controller_test/hook/pythonpath.sh'
[4.471s] Level 1:colcon.colcon_core.environment:checking '/home/robot11/theseus_mecanum/UartToSbus/ROS_galactic/install/chassis_controller_test/bin'
[4.471s] Level 1:colcon.colcon_core.environment:create_environment_scripts_only(chassis_controller_test)
[4.472s] INFO:colcon.colcon_core.shell:Creating package script '/home/robot11/theseus_mecanum/UartToSbus/ROS_galactic/install/chassis_controller_test/share/chassis_controller_test/package.ps1'
[4.473s] INFO:colcon.colcon_core.shell:Creating package descriptor '/home/robot11/theseus_mecanum/UartToSbus/ROS_galactic/install/chassis_controller_test/share/chassis_controller_test/package.dsv'
[4.474s] INFO:colcon.colcon_core.shell:Creating package script '/home/robot11/theseus_mecanum/UartToSbus/ROS_galactic/install/chassis_controller_test/share/chassis_controller_test/package.sh'
[4.475s] INFO:colcon.colcon_core.shell:Creating package script '/home/robot11/theseus_mecanum/UartToSbus/ROS_galactic/install/chassis_controller_test/share/chassis_controller_test/package.bash'
[4.476s] INFO:colcon.colcon_core.shell:Creating package script '/home/robot11/theseus_mecanum/UartToSbus/ROS_galactic/install/chassis_controller_test/share/chassis_controller_test/package.zsh'
[4.477s] Level 1:colcon.colcon_core.environment:create_file_with_runtime_dependencies(/home/robot11/theseus_mecanum/UartToSbus/ROS_galactic/install/chassis_controller_test/share/colcon-core/packages/chassis_controller_test)
[20.982s] DEBUG:colcon.colcon_core.event_handler.log_command:Invoked command in '/home/robot11/theseus_mecanum/UartToSbus/ROS_galactic/build/chassis_controller' returned '0': CMAKE_PREFIX_PATH=${CMAKE_PREFIX_PATH}:/home/robot11/theseus_mecanum/UartToSbus/ROS_galactic/install/chassis_controller_channels:/home/robot11/theseus_mecanum/UartToSbus/ROS_galactic/install/chassis_controller_test:/opt/ros/galactic /usr/bin/cmake --build /home/robot11/theseus_mecanum/UartToSbus/ROS_galactic/build/chassis_controller -- -j4 -l4
[21.015s] DEBUG:colcon.colcon_core.event_handler.log_command:Invoking command in '/home/robot11/theseus_mecanum/UartToSbus/ROS_galactic/build/chassis_controller': CMAKE_PREFIX_PATH=${CMAKE_PREFIX_PATH}:/home/robot11/theseus_mecanum/UartToSbus/ROS_galactic/install/chassis_controller_channels:/home/robot11/theseus_mecanum/UartToSbus/ROS_galactic/install/chassis_controller_test:/opt/ros/galactic /usr/bin/cmake --install /home/robot11/theseus_mecanum/UartToSbus/ROS_galactic/build/chassis_controller
[21.048s] Level 1:colcon.colcon_core.environment:create_environment_scripts_only(chassis_controller)
[21.049s] Level 1:colcon.colcon_core.environment:checking '/home/robot11/theseus_mecanum/UartToSbus/ROS_galactic/install/chassis_controller' for CMake module files
[21.051s] DEBUG:colcon.colcon_core.event_handler.log_command:Invoked command in '/home/robot11/theseus_mecanum/UartToSbus/ROS_galactic/build/chassis_controller' returned '0': CMAKE_PREFIX_PATH=${CMAKE_PREFIX_PATH}:/home/robot11/theseus_mecanum/UartToSbus/ROS_galactic/install/chassis_controller_channels:/home/robot11/theseus_mecanum/UartToSbus/ROS_galactic/install/chassis_controller_test:/opt/ros/galactic /usr/bin/cmake --install /home/robot11/theseus_mecanum/UartToSbus/ROS_galactic/build/chassis_controller
[21.053s] Level 1:colcon.colcon_core.environment:checking '/home/robot11/theseus_mecanum/UartToSbus/ROS_galactic/install/chassis_controller' for CMake config files
[21.054s] Level 1:colcon.colcon_core.shell:create_environment_hook('chassis_controller', 'cmake_prefix_path')
[21.054s] INFO:colcon.colcon_core.shell:Creating environment hook '/home/robot11/theseus_mecanum/UartToSbus/ROS_galactic/install/chassis_controller/share/chassis_controller/hook/cmake_prefix_path.ps1'
[21.057s] INFO:colcon.colcon_core.shell:Creating environment descriptor '/home/robot11/theseus_mecanum/UartToSbus/ROS_galactic/install/chassis_controller/share/chassis_controller/hook/cmake_prefix_path.dsv'
[21.058s] INFO:colcon.colcon_core.shell:Creating environment hook '/home/robot11/theseus_mecanum/UartToSbus/ROS_galactic/install/chassis_controller/share/chassis_controller/hook/cmake_prefix_path.sh'
[21.060s] Level 1:colcon.colcon_core.environment:checking '/home/robot11/theseus_mecanum/UartToSbus/ROS_galactic/install/chassis_controller/lib'
[21.061s] Level 1:colcon.colcon_core.environment:checking '/home/robot11/theseus_mecanum/UartToSbus/ROS_galactic/install/chassis_controller/bin'
[21.061s] Level 1:colcon.colcon_core.environment:checking '/home/robot11/theseus_mecanum/UartToSbus/ROS_galactic/install/chassis_controller/lib/pkgconfig/chassis_controller.pc'
[21.062s] Level 1:colcon.colcon_core.environment:checking '/home/robot11/theseus_mecanum/UartToSbus/ROS_galactic/install/chassis_controller/lib/python3.8/site-packages'
[21.062s] Level 1:colcon.colcon_core.environment:checking '/home/robot11/theseus_mecanum/UartToSbus/ROS_galactic/install/chassis_controller/bin'
[21.063s] INFO:colcon.colcon_core.shell:Creating package script '/home/robot11/theseus_mecanum/UartToSbus/ROS_galactic/install/chassis_controller/share/chassis_controller/package.ps1'
[21.065s] INFO:colcon.colcon_core.shell:Creating package descriptor '/home/robot11/theseus_mecanum/UartToSbus/ROS_galactic/install/chassis_controller/share/chassis_controller/package.dsv'
[21.067s] INFO:colcon.colcon_core.shell:Creating package script '/home/robot11/theseus_mecanum/UartToSbus/ROS_galactic/install/chassis_controller/share/chassis_controller/package.sh'
[21.068s] INFO:colcon.colcon_core.shell:Creating package script '/home/robot11/theseus_mecanum/UartToSbus/ROS_galactic/install/chassis_controller/share/chassis_controller/package.bash'
[21.070s] INFO:colcon.colcon_core.shell:Creating package script '/home/robot11/theseus_mecanum/UartToSbus/ROS_galactic/install/chassis_controller/share/chassis_controller/package.zsh'
[21.071s] Level 1:colcon.colcon_core.environment:create_file_with_runtime_dependencies(/home/robot11/theseus_mecanum/UartToSbus/ROS_galactic/install/chassis_controller/share/colcon-core/packages/chassis_controller)
[21.073s] Level 1:colcon.colcon_core.environment:create_environment_scripts_only(chassis_controller)
[21.074s] Level 1:colcon.colcon_core.environment:checking '/home/robot11/theseus_mecanum/UartToSbus/ROS_galactic/install/chassis_controller' for CMake module files
[21.075s] Level 1:colcon.colcon_core.environment:checking '/home/robot11/theseus_mecanum/UartToSbus/ROS_galactic/install/chassis_controller' for CMake config files
[21.076s] Level 1:colcon.colcon_core.shell:create_environment_hook('chassis_controller', 'cmake_prefix_path')
[21.077s] INFO:colcon.colcon_core.shell:Creating environment hook '/home/robot11/theseus_mecanum/UartToSbus/ROS_galactic/install/chassis_controller/share/chassis_controller/hook/cmake_prefix_path.ps1'
[21.078s] INFO:colcon.colcon_core.shell:Creating environment descriptor '/home/robot11/theseus_mecanum/UartToSbus/ROS_galactic/install/chassis_controller/share/chassis_controller/hook/cmake_prefix_path.dsv'
[21.079s] INFO:colcon.colcon_core.shell:Creating environment hook '/home/robot11/theseus_mecanum/UartToSbus/ROS_galactic/install/chassis_controller/share/chassis_controller/hook/cmake_prefix_path.sh'
[21.080s] Level 1:colcon.colcon_core.environment:checking '/home/robot11/theseus_mecanum/UartToSbus/ROS_galactic/install/chassis_controller/lib'
[21.081s] Level 1:colcon.colcon_core.environment:checking '/home/robot11/theseus_mecanum/UartToSbus/ROS_galactic/install/chassis_controller/bin'
[21.081s] Level 1:colcon.colcon_core.environment:checking '/home/robot11/theseus_mecanum/UartToSbus/ROS_galactic/install/chassis_controller/lib/pkgconfig/chassis_controller.pc'
[21.081s] Level 1:colcon.colcon_core.environment:checking '/home/robot11/theseus_mecanum/UartToSbus/ROS_galactic/install/chassis_controller/lib/python3.8/site-packages'
[21.082s] Level 1:colcon.colcon_core.environment:checking '/home/robot11/theseus_mecanum/UartToSbus/ROS_galactic/install/chassis_controller/bin'
[21.082s] INFO:colcon.colcon_core.shell:Creating package script '/home/robot11/theseus_mecanum/UartToSbus/ROS_galactic/install/chassis_controller/share/chassis_controller/package.ps1'
[21.084s] INFO:colcon.colcon_core.shell:Creating package descriptor '/home/robot11/theseus_mecanum/UartToSbus/ROS_galactic/install/chassis_controller/share/chassis_controller/package.dsv'
[21.085s] INFO:colcon.colcon_core.shell:Creating package script '/home/robot11/theseus_mecanum/UartToSbus/ROS_galactic/install/chassis_controller/share/chassis_controller/package.sh'
[21.086s] INFO:colcon.colcon_core.shell:Creating package script '/home/robot11/theseus_mecanum/UartToSbus/ROS_galactic/install/chassis_controller/share/chassis_controller/package.bash'
[21.087s] INFO:colcon.colcon_core.shell:Creating package script '/home/robot11/theseus_mecanum/UartToSbus/ROS_galactic/install/chassis_controller/share/chassis_controller/package.zsh'
[21.088s] Level 1:colcon.colcon_core.environment:create_file_with_runtime_dependencies(/home/robot11/theseus_mecanum/UartToSbus/ROS_galactic/install/chassis_controller/share/colcon-core/packages/chassis_controller)
[21.089s] DEBUG:colcon.colcon_parallel_executor.executor.parallel:closing loop
[21.090s] DEBUG:colcon.colcon_parallel_executor.executor.parallel:loop closed
[21.091s] DEBUG:colcon.colcon_parallel_executor.executor.parallel:run_until_complete finished with '0'
[21.092s] DEBUG:colcon.colcon_core.event_reactor:joining thread
[21.107s] INFO:colcon.colcon_core.plugin_system:Skipping extension 'colcon_notification.desktop_notification.terminal_notifier': Not used on non-Darwin systems
[21.108s] INFO:colcon.colcon_core.plugin_system:Skipping extension 'colcon_notification.desktop_notification.win32': Not used on non-Windows systems
[21.108s] INFO:colcon.colcon_notification.desktop_notification:Sending desktop notification using 'notify2'
[21.149s] DEBUG:colcon.colcon_core.event_reactor:joined thread
[21.150s] INFO:colcon.colcon_core.shell:Creating prefix script '/home/robot11/theseus_mecanum/UartToSbus/ROS_galactic/install/local_setup.ps1'
[21.153s] INFO:colcon.colcon_core.shell:Creating prefix util module '/home/robot11/theseus_mecanum/UartToSbus/ROS_galactic/install/_local_setup_util_ps1.py'
[21.157s] INFO:colcon.colcon_core.shell:Creating prefix chain script '/home/robot11/theseus_mecanum/UartToSbus/ROS_galactic/install/setup.ps1'
[21.160s] INFO:colcon.colcon_core.shell:Creating prefix script '/home/robot11/theseus_mecanum/UartToSbus/ROS_galactic/install/local_setup.sh'
[21.162s] INFO:colcon.colcon_core.shell:Creating prefix util module '/home/robot11/theseus_mecanum/UartToSbus/ROS_galactic/install/_local_setup_util_sh.py'
[21.163s] INFO:colcon.colcon_core.shell:Creating prefix chain script '/home/robot11/theseus_mecanum/UartToSbus/ROS_galactic/install/setup.sh'
[21.166s] INFO:colcon.colcon_core.shell:Creating prefix script '/home/robot11/theseus_mecanum/UartToSbus/ROS_galactic/install/local_setup.bash'
[21.167s] INFO:colcon.colcon_core.shell:Creating prefix chain script '/home/robot11/theseus_mecanum/UartToSbus/ROS_galactic/install/setup.bash'
[21.170s] INFO:colcon.colcon_core.shell:Creating prefix script '/home/robot11/theseus_mecanum/UartToSbus/ROS_galactic/install/local_setup.zsh'
[21.171s] INFO:colcon.colcon_core.shell:Creating prefix chain script '/home/robot11/theseus_mecanum/UartToSbus/ROS_galactic/install/setup.zsh'
