[2.399s] Invoking command in '/home/robot11/theseus_mecanum/UartToSbus/ROS_galactic/src/chassis_controller_channels': PYTHONPATH=/home/robot11/theseus_mecanum/UartToSbus/ROS_galactic/build/chassis_controller_channels/prefix_override:/usr/lib/python3/dist-packages/colcon_core/task/python/colcon_distutils_commands:/home/robot11/theseus_mecanum/UartToSbus/ROS_galactic/install/chassis_controller_channels/lib/python3.8/site-packages:${PYTHONPATH} /usr/bin/python3 -W ignore:setup.py install is deprecated -W ignore:easy_install command is deprecated setup.py egg_info --egg-base ../../build/chassis_controller_channels build --build-base /home/robot11/theseus_mecanum/UartToSbus/ROS_galactic/build/chassis_controller_channels/build install --record /home/robot11/theseus_mecanum/UartToSbus/ROS_galactic/build/chassis_controller_channels/install.log --single-version-externally-managed install_data
[2.987s] running egg_info
[2.988s] writing ../../build/chassis_controller_channels/chassis_controller_channels.egg-info/PKG-INFO
[2.989s] writing dependency_links to ../../build/chassis_controller_channels/chassis_controller_channels.egg-info/dependency_links.txt
[2.990s] writing entry points to ../../build/chassis_controller_channels/chassis_controller_channels.egg-info/entry_points.txt
[2.991s] writing requirements to ../../build/chassis_controller_channels/chassis_controller_channels.egg-info/requires.txt
[2.992s] writing top-level names to ../../build/chassis_controller_channels/chassis_controller_channels.egg-info/top_level.txt
[3.074s] reading manifest file '../../build/chassis_controller_channels/chassis_controller_channels.egg-info/SOURCES.txt'
[3.076s] writing manifest file '../../build/chassis_controller_channels/chassis_controller_channels.egg-info/SOURCES.txt'
[3.076s] running build
[3.077s] running build_py
[3.077s] running install
[3.079s] running install_lib
[3.083s] running install_data
[3.083s] running install_egg_info
[3.088s] removing '/home/robot11/theseus_mecanum/UartToSbus/ROS_galactic/install/chassis_controller_channels/lib/python3.8/site-packages/chassis_controller_channels-0.0.0-py3.8.egg-info' (and everything under it)
[3.089s] Copying ../../build/chassis_controller_channels/chassis_controller_channels.egg-info to /home/robot11/theseus_mecanum/UartToSbus/ROS_galactic/install/chassis_controller_channels/lib/python3.8/site-packages/chassis_controller_channels-0.0.0-py3.8.egg-info
[3.092s] running install_scripts
[3.142s] Installing velocity_publisher script to /home/robot11/theseus_mecanum/UartToSbus/ROS_galactic/install/chassis_controller_channels/lib/chassis_controller_channels
[3.142s] writing list of installed files to '/home/robot11/theseus_mecanum/UartToSbus/ROS_galactic/build/chassis_controller_channels/install.log'
[3.220s] Invoked command in '/home/robot11/theseus_mecanum/UartToSbus/ROS_galactic/src/chassis_controller_channels' returned '0': PYTHONPATH=/home/robot11/theseus_mecanum/UartToSbus/ROS_galactic/build/chassis_controller_channels/prefix_override:/usr/lib/python3/dist-packages/colcon_core/task/python/colcon_distutils_commands:/home/robot11/theseus_mecanum/UartToSbus/ROS_galactic/install/chassis_controller_channels/lib/python3.8/site-packages:${PYTHONPATH} /usr/bin/python3 -W ignore:setup.py install is deprecated -W ignore:easy_install command is deprecated setup.py egg_info --egg-base ../../build/chassis_controller_channels build --build-base /home/robot11/theseus_mecanum/UartToSbus/ROS_galactic/build/chassis_controller_channels/build install --record /home/robot11/theseus_mecanum/UartToSbus/ROS_galactic/build/chassis_controller_channels/install.log --single-version-externally-managed install_data
