[0.557s] DEBUG:colcon:Command line arguments: ['/usr/bin/colcon', 'build']
[0.557s] DEBUG:colcon:Parsed command line arguments: Namespace(allow_overriding=[], ament_cmake_args=None, base_paths=['.'], build_base='build', catkin_cmake_args=None, catkin_skip_building_tests=False, cmake_args=None, cmake_clean_cache=False, cmake_clean_first=False, cmake_force_configure=False, cmake_target=None, cmake_target_skip_unavailable=False, continue_on_error=False, event_handlers=None, executor='parallel', ignore_user_meta=False, install_base='install', log_base=None, log_level=None, main=<bound method BuildVerb.main of <colcon_core.verb.build.BuildVerb object at 0xffff9e99a310>>, merge_install=False, metas=['./colcon.meta'], packages_above=None, packages_above_and_dependencies=None, packages_above_depth=None, packages_end=None, packages_ignore=None, packages_ignore_regex=None, packages_select=None, packages_select_build_failed=False, packages_select_by_dep=None, packages_select_regex=None, packages_select_test_failures=False, packages_skip=None, packages_skip_build_finished=False, packages_skip_by_dep=None, packages_skip_regex=None, packages_skip_test_passed=False, packages_skip_up_to=None, packages_start=None, packages_up_to=None, packages_up_to_regex=None, parallel_workers=4, paths=None, symlink_install=False, test_result_base=None, verb_extension=<colcon_core.verb.build.BuildVerb object at 0xffff9e99a310>, verb_name='build', verb_parser=<colcon_defaults.argument_parser.defaults.DefaultArgumentsDecorator object at 0xffff9e99a880>)
[0.970s] Level 1:colcon.colcon_core.package_discovery:discover_packages(colcon_meta) check parameters
[0.970s] Level 1:colcon.colcon_core.package_discovery:discover_packages(recursive) check parameters
[0.970s] Level 1:colcon.colcon_core.package_discovery:discover_packages(ignore) check parameters
[0.970s] Level 1:colcon.colcon_core.package_discovery:discover_packages(path) check parameters
[0.970s] Level 1:colcon.colcon_core.package_discovery:discover_packages(colcon_meta) discover
[0.971s] Level 1:colcon.colcon_core.package_discovery:discover_packages(recursive) discover
[0.971s] INFO:colcon.colcon_core.package_discovery:Crawling recursively for packages in '/home/robot11/theseus_mecanum/UartToSbus/ROS_galactic'
[0.971s] Level 1:colcon.colcon_core.package_identification:_identify(.) by extensions ['ignore', 'ignore_ament_install']
[0.971s] Level 1:colcon.colcon_core.package_identification:_identify(.) by extension 'ignore'
[0.972s] Level 1:colcon.colcon_core.package_identification:_identify(.) by extension 'ignore_ament_install'
[0.972s] Level 1:colcon.colcon_core.package_identification:_identify(.) by extensions ['colcon_pkg']
[0.972s] Level 1:colcon.colcon_core.package_identification:_identify(.) by extension 'colcon_pkg'
[0.972s] Level 1:colcon.colcon_core.package_identification:_identify(.) by extensions ['colcon_meta']
[0.972s] Level 1:colcon.colcon_core.package_identification:_identify(.) by extension 'colcon_meta'
[0.972s] Level 1:colcon.colcon_core.package_identification:_identify(.) by extensions ['ros']
[0.972s] Level 1:colcon.colcon_core.package_identification:_identify(.) by extension 'ros'
[1.003s] Level 1:colcon.colcon_core.package_identification:_identify(.) by extensions ['cmake', 'python']
[1.003s] Level 1:colcon.colcon_core.package_identification:_identify(.) by extension 'cmake'
[1.004s] Level 1:colcon.colcon_core.package_identification:_identify(.) by extension 'python'
[1.004s] Level 1:colcon.colcon_core.package_identification:_identify(.) by extensions ['python_setup_py']
[1.004s] Level 1:colcon.colcon_core.package_identification:_identify(.) by extension 'python_setup_py'
[1.004s] Level 1:colcon.colcon_core.package_identification:_identify(build) by extensions ['ignore', 'ignore_ament_install']
[1.004s] Level 1:colcon.colcon_core.package_identification:_identify(build) by extension 'ignore'
[1.005s] Level 1:colcon.colcon_core.package_identification:_identify(build) ignored
[1.005s] Level 1:colcon.colcon_core.package_identification:_identify(install) by extensions ['ignore', 'ignore_ament_install']
[1.005s] Level 1:colcon.colcon_core.package_identification:_identify(install) by extension 'ignore'
[1.005s] Level 1:colcon.colcon_core.package_identification:_identify(install) ignored
[1.006s] Level 1:colcon.colcon_core.package_identification:_identify(log) by extensions ['ignore', 'ignore_ament_install']
[1.006s] Level 1:colcon.colcon_core.package_identification:_identify(log) by extension 'ignore'
[1.006s] Level 1:colcon.colcon_core.package_identification:_identify(log) ignored
[1.006s] Level 1:colcon.colcon_core.package_identification:_identify(src) by extensions ['ignore', 'ignore_ament_install']
[1.006s] Level 1:colcon.colcon_core.package_identification:_identify(src) by extension 'ignore'
[1.006s] Level 1:colcon.colcon_core.package_identification:_identify(src) by extension 'ignore_ament_install'
[1.007s] Level 1:colcon.colcon_core.package_identification:_identify(src) by extensions ['colcon_pkg']
[1.007s] Level 1:colcon.colcon_core.package_identification:_identify(src) by extension 'colcon_pkg'
[1.007s] Level 1:colcon.colcon_core.package_identification:_identify(src) by extensions ['colcon_meta']
[1.007s] Level 1:colcon.colcon_core.package_identification:_identify(src) by extension 'colcon_meta'
[1.007s] Level 1:colcon.colcon_core.package_identification:_identify(src) by extensions ['ros']
[1.007s] Level 1:colcon.colcon_core.package_identification:_identify(src) by extension 'ros'
[1.007s] Level 1:colcon.colcon_core.package_identification:_identify(src) by extensions ['cmake', 'python']
[1.008s] Level 1:colcon.colcon_core.package_identification:_identify(src) by extension 'cmake'
[1.008s] Level 1:colcon.colcon_core.package_identification:_identify(src) by extension 'python'
[1.008s] Level 1:colcon.colcon_core.package_identification:_identify(src) by extensions ['python_setup_py']
[1.008s] Level 1:colcon.colcon_core.package_identification:_identify(src) by extension 'python_setup_py'
[1.008s] Level 1:colcon.colcon_core.package_identification:_identify(src/chassis_controller) by extensions ['ignore', 'ignore_ament_install']
[1.008s] Level 1:colcon.colcon_core.package_identification:_identify(src/chassis_controller) by extension 'ignore'
[1.009s] Level 1:colcon.colcon_core.package_identification:_identify(src/chassis_controller) by extension 'ignore_ament_install'
[1.009s] Level 1:colcon.colcon_core.package_identification:_identify(src/chassis_controller) by extensions ['colcon_pkg']
[1.009s] Level 1:colcon.colcon_core.package_identification:_identify(src/chassis_controller) by extension 'colcon_pkg'
[1.009s] Level 1:colcon.colcon_core.package_identification:_identify(src/chassis_controller) by extensions ['colcon_meta']
[1.009s] Level 1:colcon.colcon_core.package_identification:_identify(src/chassis_controller) by extension 'colcon_meta'
[1.009s] Level 1:colcon.colcon_core.package_identification:_identify(src/chassis_controller) by extensions ['ros']
[1.009s] Level 1:colcon.colcon_core.package_identification:_identify(src/chassis_controller) by extension 'ros'
[1.017s] DEBUG:colcon.colcon_core.package_identification:Package 'src/chassis_controller' with type 'ros.ament_cmake' and name 'chassis_controller'
[1.018s] Level 1:colcon.colcon_core.package_identification:_identify(src/chassis_controller_test) by extensions ['ignore', 'ignore_ament_install']
[1.018s] Level 1:colcon.colcon_core.package_identification:_identify(src/chassis_controller_test) by extension 'ignore'
[1.018s] Level 1:colcon.colcon_core.package_identification:_identify(src/chassis_controller_test) by extension 'ignore_ament_install'
[1.018s] Level 1:colcon.colcon_core.package_identification:_identify(src/chassis_controller_test) by extensions ['colcon_pkg']
[1.018s] Level 1:colcon.colcon_core.package_identification:_identify(src/chassis_controller_test) by extension 'colcon_pkg'
[1.018s] Level 1:colcon.colcon_core.package_identification:_identify(src/chassis_controller_test) by extensions ['colcon_meta']
[1.019s] Level 1:colcon.colcon_core.package_identification:_identify(src/chassis_controller_test) by extension 'colcon_meta'
[1.019s] Level 1:colcon.colcon_core.package_identification:_identify(src/chassis_controller_test) by extensions ['ros']
[1.019s] Level 1:colcon.colcon_core.package_identification:_identify(src/chassis_controller_test) by extension 'ros'
[1.021s] DEBUG:colcon.colcon_core.package_identification:Package 'src/chassis_controller_test' with type 'ros.ament_python' and name 'chassis_controller_test'
[1.021s] Level 1:colcon.colcon_core.package_discovery:discover_packages(recursive) using defaults
[1.021s] Level 1:colcon.colcon_core.package_discovery:discover_packages(ignore) discover
[1.021s] Level 1:colcon.colcon_core.package_discovery:discover_packages(ignore) using defaults
[1.021s] Level 1:colcon.colcon_core.package_discovery:discover_packages(path) discover
[1.021s] Level 1:colcon.colcon_core.package_discovery:discover_packages(path) using defaults
[1.064s] Level 1:colcon.colcon_core.package_discovery:discover_packages(prefix_path) check parameters
[1.064s] Level 1:colcon.colcon_core.package_discovery:discover_packages(prefix_path) discover
[1.071s] DEBUG:colcon.colcon_installed_package_information.package_discovery:Found 2 installed packages in /home/robot11/theseus_mecanum/UartToSbus/ROS_galactic/install
[1.074s] DEBUG:colcon.colcon_installed_package_information.package_discovery:Found 268 installed packages in /opt/ros/galactic
[1.108s] Level 1:colcon.colcon_core.package_discovery:discover_packages(prefix_path) using defaults
[1.292s] Level 5:colcon.colcon_core.verb:set package 'chassis_controller' build argument 'cmake_args' from command line to 'None'
[1.292s] Level 5:colcon.colcon_core.verb:set package 'chassis_controller' build argument 'cmake_target' from command line to 'None'
[1.292s] Level 5:colcon.colcon_core.verb:set package 'chassis_controller' build argument 'cmake_target_skip_unavailable' from command line to 'False'
[1.293s] Level 5:colcon.colcon_core.verb:set package 'chassis_controller' build argument 'cmake_clean_cache' from command line to 'False'
[1.293s] Level 5:colcon.colcon_core.verb:set package 'chassis_controller' build argument 'cmake_clean_first' from command line to 'False'
[1.293s] Level 5:colcon.colcon_core.verb:set package 'chassis_controller' build argument 'cmake_force_configure' from command line to 'False'
[1.293s] Level 5:colcon.colcon_core.verb:set package 'chassis_controller' build argument 'ament_cmake_args' from command line to 'None'
[1.293s] Level 5:colcon.colcon_core.verb:set package 'chassis_controller' build argument 'catkin_cmake_args' from command line to 'None'
[1.293s] Level 5:colcon.colcon_core.verb:set package 'chassis_controller' build argument 'catkin_skip_building_tests' from command line to 'False'
[1.293s] DEBUG:colcon.colcon_core.verb:Building package 'chassis_controller' with the following arguments: {'ament_cmake_args': None, 'build_base': '/home/robot11/theseus_mecanum/UartToSbus/ROS_galactic/build/chassis_controller', 'catkin_cmake_args': None, 'catkin_skip_building_tests': False, 'cmake_args': None, 'cmake_clean_cache': False, 'cmake_clean_first': False, 'cmake_force_configure': False, 'cmake_target': None, 'cmake_target_skip_unavailable': False, 'install_base': '/home/robot11/theseus_mecanum/UartToSbus/ROS_galactic/install/chassis_controller', 'merge_install': False, 'path': '/home/robot11/theseus_mecanum/UartToSbus/ROS_galactic/src/chassis_controller', 'symlink_install': False, 'test_result_base': None}
[1.294s] Level 5:colcon.colcon_core.verb:set package 'chassis_controller_test' build argument 'cmake_args' from command line to 'None'
[1.294s] Level 5:colcon.colcon_core.verb:set package 'chassis_controller_test' build argument 'cmake_target' from command line to 'None'
[1.294s] Level 5:colcon.colcon_core.verb:set package 'chassis_controller_test' build argument 'cmake_target_skip_unavailable' from command line to 'False'
[1.294s] Level 5:colcon.colcon_core.verb:set package 'chassis_controller_test' build argument 'cmake_clean_cache' from command line to 'False'
[1.294s] Level 5:colcon.colcon_core.verb:set package 'chassis_controller_test' build argument 'cmake_clean_first' from command line to 'False'
[1.294s] Level 5:colcon.colcon_core.verb:set package 'chassis_controller_test' build argument 'cmake_force_configure' from command line to 'False'
[1.294s] Level 5:colcon.colcon_core.verb:set package 'chassis_controller_test' build argument 'ament_cmake_args' from command line to 'None'
[1.294s] Level 5:colcon.colcon_core.verb:set package 'chassis_controller_test' build argument 'catkin_cmake_args' from command line to 'None'
[1.294s] Level 5:colcon.colcon_core.verb:set package 'chassis_controller_test' build argument 'catkin_skip_building_tests' from command line to 'False'
[1.295s] DEBUG:colcon.colcon_core.verb:Building package 'chassis_controller_test' with the following arguments: {'ament_cmake_args': None, 'build_base': '/home/robot11/theseus_mecanum/UartToSbus/ROS_galactic/build/chassis_controller_test', 'catkin_cmake_args': None, 'catkin_skip_building_tests': False, 'cmake_args': None, 'cmake_clean_cache': False, 'cmake_clean_first': False, 'cmake_force_configure': False, 'cmake_target': None, 'cmake_target_skip_unavailable': False, 'install_base': '/home/robot11/theseus_mecanum/UartToSbus/ROS_galactic/install/chassis_controller_test', 'merge_install': False, 'path': '/home/robot11/theseus_mecanum/UartToSbus/ROS_galactic/src/chassis_controller_test', 'symlink_install': False, 'test_result_base': None}
[1.295s] INFO:colcon.colcon_core.executor:Executing jobs using 'parallel' executor
[1.298s] DEBUG:colcon.colcon_parallel_executor.executor.parallel:run_until_complete
[1.298s] INFO:colcon.colcon_ros.task.ament_cmake.build:Building ROS package in '/home/robot11/theseus_mecanum/UartToSbus/ROS_galactic/src/chassis_controller' with build type 'ament_cmake'
[1.299s] INFO:colcon.colcon_cmake.task.cmake.build:Building CMake package in '/home/robot11/theseus_mecanum/UartToSbus/ROS_galactic/src/chassis_controller'
[1.306s] INFO:colcon.colcon_core.plugin_system:Skipping extension 'colcon_core.shell.bat': Not used on non-Windows systems
[1.307s] INFO:colcon.colcon_core.shell:Skip shell extension 'powershell' for command environment: Not usable outside of PowerShell
[1.307s] DEBUG:colcon.colcon_core.shell:Skip shell extension 'dsv' for command environment
[1.320s] INFO:colcon.colcon_ros.task.ament_python.build:Building ROS package in '/home/robot11/theseus_mecanum/UartToSbus/ROS_galactic/src/chassis_controller_test' with build type 'ament_python'
[1.322s] Level 1:colcon.colcon_core.shell:create_environment_hook('chassis_controller_test', 'ament_prefix_path')
[1.323s] INFO:colcon.colcon_core.shell:Creating environment hook '/home/robot11/theseus_mecanum/UartToSbus/ROS_galactic/install/chassis_controller_test/share/chassis_controller_test/hook/ament_prefix_path.ps1'
[1.326s] INFO:colcon.colcon_core.shell:Creating environment descriptor '/home/robot11/theseus_mecanum/UartToSbus/ROS_galactic/install/chassis_controller_test/share/chassis_controller_test/hook/ament_prefix_path.dsv'
[1.327s] INFO:colcon.colcon_core.shell:Creating environment hook '/home/robot11/theseus_mecanum/UartToSbus/ROS_galactic/install/chassis_controller_test/share/chassis_controller_test/hook/ament_prefix_path.sh'
[1.330s] INFO:colcon.colcon_core.shell:Skip shell extension 'powershell' for command environment: Not usable outside of PowerShell
[1.330s] DEBUG:colcon.colcon_core.shell:Skip shell extension 'dsv' for command environment
[1.354s] DEBUG:colcon.colcon_core.event_handler.log_command:Invoking command in '/home/robot11/theseus_mecanum/UartToSbus/ROS_galactic/build/chassis_controller': CMAKE_PREFIX_PATH=${CMAKE_PREFIX_PATH}:/home/robot11/theseus_mecanum/UartToSbus/ROS_galactic/install/chassis_controller_test:/opt/ros/galactic /usr/bin/cmake --build /home/robot11/theseus_mecanum/UartToSbus/ROS_galactic/build/chassis_controller -- -j4 -l4
[1.946s] INFO:colcon.colcon_core.task.python.build:Building Python package in '/home/robot11/theseus_mecanum/UartToSbus/ROS_galactic/src/chassis_controller_test'
[1.947s] INFO:colcon.colcon_core.shell:Skip shell extension 'powershell' for command environment: Not usable outside of PowerShell
[1.948s] DEBUG:colcon.colcon_core.shell:Skip shell extension 'dsv' for command environment
[1.964s] DEBUG:colcon.colcon_core.event_handler.log_command:Invoked command in '/home/robot11/theseus_mecanum/UartToSbus/ROS_galactic/build/chassis_controller' returned '0': CMAKE_PREFIX_PATH=${CMAKE_PREFIX_PATH}:/home/robot11/theseus_mecanum/UartToSbus/ROS_galactic/install/chassis_controller_test:/opt/ros/galactic /usr/bin/cmake --build /home/robot11/theseus_mecanum/UartToSbus/ROS_galactic/build/chassis_controller -- -j4 -l4
[1.994s] DEBUG:colcon.colcon_core.event_handler.log_command:Invoking command in '/home/robot11/theseus_mecanum/UartToSbus/ROS_galactic/build/chassis_controller': CMAKE_PREFIX_PATH=${CMAKE_PREFIX_PATH}:/home/robot11/theseus_mecanum/UartToSbus/ROS_galactic/install/chassis_controller_test:/opt/ros/galactic /usr/bin/cmake --install /home/robot11/theseus_mecanum/UartToSbus/ROS_galactic/build/chassis_controller
[2.023s] Level 1:colcon.colcon_core.environment:create_environment_scripts_only(chassis_controller)
[2.025s] DEBUG:colcon.colcon_core.event_handler.log_command:Invoked command in '/home/robot11/theseus_mecanum/UartToSbus/ROS_galactic/build/chassis_controller' returned '0': CMAKE_PREFIX_PATH=${CMAKE_PREFIX_PATH}:/home/robot11/theseus_mecanum/UartToSbus/ROS_galactic/install/chassis_controller_test:/opt/ros/galactic /usr/bin/cmake --install /home/robot11/theseus_mecanum/UartToSbus/ROS_galactic/build/chassis_controller
[2.037s] Level 1:colcon.colcon_core.environment:checking '/home/robot11/theseus_mecanum/UartToSbus/ROS_galactic/install/chassis_controller' for CMake module files
[2.039s] Level 1:colcon.colcon_core.environment:checking '/home/robot11/theseus_mecanum/UartToSbus/ROS_galactic/install/chassis_controller' for CMake config files
[2.040s] Level 1:colcon.colcon_core.shell:create_environment_hook('chassis_controller', 'cmake_prefix_path')
[2.040s] INFO:colcon.colcon_core.shell:Creating environment hook '/home/robot11/theseus_mecanum/UartToSbus/ROS_galactic/install/chassis_controller/share/chassis_controller/hook/cmake_prefix_path.ps1'
[2.042s] INFO:colcon.colcon_core.shell:Creating environment descriptor '/home/robot11/theseus_mecanum/UartToSbus/ROS_galactic/install/chassis_controller/share/chassis_controller/hook/cmake_prefix_path.dsv'
[2.043s] INFO:colcon.colcon_core.shell:Creating environment hook '/home/robot11/theseus_mecanum/UartToSbus/ROS_galactic/install/chassis_controller/share/chassis_controller/hook/cmake_prefix_path.sh'
[2.045s] Level 1:colcon.colcon_core.environment:checking '/home/robot11/theseus_mecanum/UartToSbus/ROS_galactic/install/chassis_controller/lib'
[2.045s] Level 1:colcon.colcon_core.environment:checking '/home/robot11/theseus_mecanum/UartToSbus/ROS_galactic/install/chassis_controller/bin'
[2.046s] Level 1:colcon.colcon_core.environment:checking '/home/robot11/theseus_mecanum/UartToSbus/ROS_galactic/install/chassis_controller/lib/pkgconfig/chassis_controller.pc'
[2.046s] Level 1:colcon.colcon_core.environment:checking '/home/robot11/theseus_mecanum/UartToSbus/ROS_galactic/install/chassis_controller/lib/python3.8/site-packages'
[2.047s] Level 1:colcon.colcon_core.environment:checking '/home/robot11/theseus_mecanum/UartToSbus/ROS_galactic/install/chassis_controller/bin'
[2.047s] INFO:colcon.colcon_core.shell:Creating package script '/home/robot11/theseus_mecanum/UartToSbus/ROS_galactic/install/chassis_controller/share/chassis_controller/package.ps1'
[2.050s] INFO:colcon.colcon_core.shell:Creating package descriptor '/home/robot11/theseus_mecanum/UartToSbus/ROS_galactic/install/chassis_controller/share/chassis_controller/package.dsv'
[2.052s] INFO:colcon.colcon_core.shell:Creating package script '/home/robot11/theseus_mecanum/UartToSbus/ROS_galactic/install/chassis_controller/share/chassis_controller/package.sh'
[2.054s] INFO:colcon.colcon_core.shell:Creating package script '/home/robot11/theseus_mecanum/UartToSbus/ROS_galactic/install/chassis_controller/share/chassis_controller/package.bash'
[2.056s] INFO:colcon.colcon_core.shell:Creating package script '/home/robot11/theseus_mecanum/UartToSbus/ROS_galactic/install/chassis_controller/share/chassis_controller/package.zsh'
[2.058s] Level 1:colcon.colcon_core.environment:create_file_with_runtime_dependencies(/home/robot11/theseus_mecanum/UartToSbus/ROS_galactic/install/chassis_controller/share/colcon-core/packages/chassis_controller)
[2.060s] Level 1:colcon.colcon_core.environment:create_environment_scripts_only(chassis_controller)
[2.060s] Level 1:colcon.colcon_core.environment:checking '/home/robot11/theseus_mecanum/UartToSbus/ROS_galactic/install/chassis_controller' for CMake module files
[2.061s] Level 1:colcon.colcon_core.environment:checking '/home/robot11/theseus_mecanum/UartToSbus/ROS_galactic/install/chassis_controller' for CMake config files
[2.062s] Level 1:colcon.colcon_core.shell:create_environment_hook('chassis_controller', 'cmake_prefix_path')
[2.062s] INFO:colcon.colcon_core.shell:Creating environment hook '/home/robot11/theseus_mecanum/UartToSbus/ROS_galactic/install/chassis_controller/share/chassis_controller/hook/cmake_prefix_path.ps1'
[2.063s] INFO:colcon.colcon_core.shell:Creating environment descriptor '/home/robot11/theseus_mecanum/UartToSbus/ROS_galactic/install/chassis_controller/share/chassis_controller/hook/cmake_prefix_path.dsv'
[2.064s] INFO:colcon.colcon_core.shell:Creating environment hook '/home/robot11/theseus_mecanum/UartToSbus/ROS_galactic/install/chassis_controller/share/chassis_controller/hook/cmake_prefix_path.sh'
[2.066s] Level 1:colcon.colcon_core.environment:checking '/home/robot11/theseus_mecanum/UartToSbus/ROS_galactic/install/chassis_controller/lib'
[2.066s] Level 1:colcon.colcon_core.environment:checking '/home/robot11/theseus_mecanum/UartToSbus/ROS_galactic/install/chassis_controller/bin'
[2.066s] Level 1:colcon.colcon_core.environment:checking '/home/robot11/theseus_mecanum/UartToSbus/ROS_galactic/install/chassis_controller/lib/pkgconfig/chassis_controller.pc'
[2.067s] Level 1:colcon.colcon_core.environment:checking '/home/robot11/theseus_mecanum/UartToSbus/ROS_galactic/install/chassis_controller/lib/python3.8/site-packages'
[2.067s] Level 1:colcon.colcon_core.environment:checking '/home/robot11/theseus_mecanum/UartToSbus/ROS_galactic/install/chassis_controller/bin'
[2.068s] INFO:colcon.colcon_core.shell:Creating package script '/home/robot11/theseus_mecanum/UartToSbus/ROS_galactic/install/chassis_controller/share/chassis_controller/package.ps1'
[2.069s] INFO:colcon.colcon_core.shell:Creating package descriptor '/home/robot11/theseus_mecanum/UartToSbus/ROS_galactic/install/chassis_controller/share/chassis_controller/package.dsv'
[2.070s] INFO:colcon.colcon_core.shell:Creating package script '/home/robot11/theseus_mecanum/UartToSbus/ROS_galactic/install/chassis_controller/share/chassis_controller/package.sh'
[2.072s] INFO:colcon.colcon_core.shell:Creating package script '/home/robot11/theseus_mecanum/UartToSbus/ROS_galactic/install/chassis_controller/share/chassis_controller/package.bash'
[2.073s] INFO:colcon.colcon_core.shell:Creating package script '/home/robot11/theseus_mecanum/UartToSbus/ROS_galactic/install/chassis_controller/share/chassis_controller/package.zsh'
[2.074s] Level 1:colcon.colcon_core.environment:create_file_with_runtime_dependencies(/home/robot11/theseus_mecanum/UartToSbus/ROS_galactic/install/chassis_controller/share/colcon-core/packages/chassis_controller)
[3.008s] DEBUG:colcon.colcon_core.event_handler.log_command:Invoking command in '/home/robot11/theseus_mecanum/UartToSbus/ROS_galactic/src/chassis_controller_test': PYTHONPATH=/home/robot11/theseus_mecanum/UartToSbus/ROS_galactic/build/chassis_controller_test/prefix_override:/usr/lib/python3/dist-packages/colcon_core/task/python/colcon_distutils_commands:/home/robot11/theseus_mecanum/UartToSbus/ROS_galactic/install/chassis_controller_test/lib/python3.8/site-packages:${PYTHONPATH} /usr/bin/python3 -W ignore:setup.py install is deprecated -W ignore:easy_install command is deprecated setup.py egg_info --egg-base ../../build/chassis_controller_test build --build-base /home/robot11/theseus_mecanum/UartToSbus/ROS_galactic/build/chassis_controller_test/build install --record /home/robot11/theseus_mecanum/UartToSbus/ROS_galactic/build/chassis_controller_test/install.log --single-version-externally-managed install_data
[3.752s] Level 1:colcon.colcon_core.environment:checking '/home/robot11/theseus_mecanum/UartToSbus/ROS_galactic/install/chassis_controller_test' for CMake module files
[3.754s] DEBUG:colcon.colcon_core.event_handler.log_command:Invoked command in '/home/robot11/theseus_mecanum/UartToSbus/ROS_galactic/src/chassis_controller_test' returned '0': PYTHONPATH=/home/robot11/theseus_mecanum/UartToSbus/ROS_galactic/build/chassis_controller_test/prefix_override:/usr/lib/python3/dist-packages/colcon_core/task/python/colcon_distutils_commands:/home/robot11/theseus_mecanum/UartToSbus/ROS_galactic/install/chassis_controller_test/lib/python3.8/site-packages:${PYTHONPATH} /usr/bin/python3 -W ignore:setup.py install is deprecated -W ignore:easy_install command is deprecated setup.py egg_info --egg-base ../../build/chassis_controller_test build --build-base /home/robot11/theseus_mecanum/UartToSbus/ROS_galactic/build/chassis_controller_test/build install --record /home/robot11/theseus_mecanum/UartToSbus/ROS_galactic/build/chassis_controller_test/install.log --single-version-externally-managed install_data
[3.756s] Level 1:colcon.colcon_core.environment:checking '/home/robot11/theseus_mecanum/UartToSbus/ROS_galactic/install/chassis_controller_test' for CMake config files
[3.757s] Level 1:colcon.colcon_core.environment:checking '/home/robot11/theseus_mecanum/UartToSbus/ROS_galactic/install/chassis_controller_test/lib'
[3.758s] Level 1:colcon.colcon_core.environment:checking '/home/robot11/theseus_mecanum/UartToSbus/ROS_galactic/install/chassis_controller_test/bin'
[3.758s] Level 1:colcon.colcon_core.environment:checking '/home/robot11/theseus_mecanum/UartToSbus/ROS_galactic/install/chassis_controller_test/lib/pkgconfig/chassis_controller_test.pc'
[3.758s] Level 1:colcon.colcon_core.environment:checking '/home/robot11/theseus_mecanum/UartToSbus/ROS_galactic/install/chassis_controller_test/lib/python3.8/site-packages'
[3.759s] Level 1:colcon.colcon_core.shell:create_environment_hook('chassis_controller_test', 'pythonpath')
[3.760s] INFO:colcon.colcon_core.shell:Creating environment hook '/home/robot11/theseus_mecanum/UartToSbus/ROS_galactic/install/chassis_controller_test/share/chassis_controller_test/hook/pythonpath.ps1'
[3.762s] INFO:colcon.colcon_core.shell:Creating environment descriptor '/home/robot11/theseus_mecanum/UartToSbus/ROS_galactic/install/chassis_controller_test/share/chassis_controller_test/hook/pythonpath.dsv'
[3.764s] INFO:colcon.colcon_core.shell:Creating environment hook '/home/robot11/theseus_mecanum/UartToSbus/ROS_galactic/install/chassis_controller_test/share/chassis_controller_test/hook/pythonpath.sh'
[3.766s] Level 1:colcon.colcon_core.environment:checking '/home/robot11/theseus_mecanum/UartToSbus/ROS_galactic/install/chassis_controller_test/bin'
[3.766s] Level 1:colcon.colcon_core.environment:create_environment_scripts_only(chassis_controller_test)
[3.767s] INFO:colcon.colcon_core.shell:Creating package script '/home/robot11/theseus_mecanum/UartToSbus/ROS_galactic/install/chassis_controller_test/share/chassis_controller_test/package.ps1'
[3.769s] INFO:colcon.colcon_core.shell:Creating package descriptor '/home/robot11/theseus_mecanum/UartToSbus/ROS_galactic/install/chassis_controller_test/share/chassis_controller_test/package.dsv'
[3.771s] INFO:colcon.colcon_core.shell:Creating package script '/home/robot11/theseus_mecanum/UartToSbus/ROS_galactic/install/chassis_controller_test/share/chassis_controller_test/package.sh'
[3.773s] INFO:colcon.colcon_core.shell:Creating package script '/home/robot11/theseus_mecanum/UartToSbus/ROS_galactic/install/chassis_controller_test/share/chassis_controller_test/package.bash'
[3.774s] INFO:colcon.colcon_core.shell:Creating package script '/home/robot11/theseus_mecanum/UartToSbus/ROS_galactic/install/chassis_controller_test/share/chassis_controller_test/package.zsh'
[3.775s] Level 1:colcon.colcon_core.environment:create_file_with_runtime_dependencies(/home/robot11/theseus_mecanum/UartToSbus/ROS_galactic/install/chassis_controller_test/share/colcon-core/packages/chassis_controller_test)
[3.777s] DEBUG:colcon.colcon_parallel_executor.executor.parallel:closing loop
[3.778s] DEBUG:colcon.colcon_parallel_executor.executor.parallel:loop closed
[3.778s] DEBUG:colcon.colcon_parallel_executor.executor.parallel:run_until_complete finished with '0'
[3.779s] DEBUG:colcon.colcon_core.event_reactor:joining thread
[3.802s] INFO:colcon.colcon_core.plugin_system:Skipping extension 'colcon_notification.desktop_notification.terminal_notifier': Not used on non-Darwin systems
[3.802s] INFO:colcon.colcon_core.plugin_system:Skipping extension 'colcon_notification.desktop_notification.win32': Not used on non-Windows systems
[3.802s] INFO:colcon.colcon_notification.desktop_notification:Sending desktop notification using 'notify2'
[3.857s] DEBUG:colcon.colcon_core.event_reactor:joined thread
[3.858s] INFO:colcon.colcon_core.shell:Creating prefix script '/home/robot11/theseus_mecanum/UartToSbus/ROS_galactic/install/local_setup.ps1'
[3.862s] INFO:colcon.colcon_core.shell:Creating prefix util module '/home/robot11/theseus_mecanum/UartToSbus/ROS_galactic/install/_local_setup_util_ps1.py'
[3.866s] INFO:colcon.colcon_core.shell:Creating prefix chain script '/home/robot11/theseus_mecanum/UartToSbus/ROS_galactic/install/setup.ps1'
[3.870s] INFO:colcon.colcon_core.shell:Creating prefix script '/home/robot11/theseus_mecanum/UartToSbus/ROS_galactic/install/local_setup.sh'
[3.872s] INFO:colcon.colcon_core.shell:Creating prefix util module '/home/robot11/theseus_mecanum/UartToSbus/ROS_galactic/install/_local_setup_util_sh.py'
[3.874s] INFO:colcon.colcon_core.shell:Creating prefix chain script '/home/robot11/theseus_mecanum/UartToSbus/ROS_galactic/install/setup.sh'
[3.877s] INFO:colcon.colcon_core.shell:Creating prefix script '/home/robot11/theseus_mecanum/UartToSbus/ROS_galactic/install/local_setup.bash'
[3.879s] INFO:colcon.colcon_core.shell:Creating prefix chain script '/home/robot11/theseus_mecanum/UartToSbus/ROS_galactic/install/setup.bash'
[3.882s] INFO:colcon.colcon_core.shell:Creating prefix script '/home/robot11/theseus_mecanum/UartToSbus/ROS_galactic/install/local_setup.zsh'
[3.884s] INFO:colcon.colcon_core.shell:Creating prefix chain script '/home/robot11/theseus_mecanum/UartToSbus/ROS_galactic/install/setup.zsh'
