[0.007s] Invoking command in '/home/sputnik/Voloneiz/UartToSbus/ROS_humble/src/chassis_controller/build/chassis_controller': CMAKE_PREFIX_PATH=${CMAKE_PREFIX_PATH}:/opt/ros/humble /usr/bin/cmake --build /home/sputnik/Voloneiz/UartToSbus/ROS_humble/src/chassis_controller/build/chassis_controller -- -j20 -l20
[0.026s] -- Found ament_cmake: 1.3.11 (/opt/ros/humble/share/ament_cmake/cmake)
[0.102s] -- Found rclcpp: 16.0.11 (/opt/ros/humble/share/rclcpp/cmake)
[0.118s] -- Found rosidl_generator_c: 3.1.6 (/opt/ros/humble/share/rosidl_generator_c/cmake)
[0.119s] -- Found rosidl_adapter: 3.1.6 (/opt/ros/humble/share/rosidl_adapter/cmake)
[0.122s] -- Found rosidl_generator_cpp: 3.1.6 (/opt/ros/humble/share/rosidl_generator_cpp/cmake)
[0.127s] -- Using all available rosidl_typesupport_c: rosidl_typesupport_fastrtps_c;rosidl_typesupport_introspection_c
[0.133s] -- Using all available rosidl_typesupport_cpp: rosidl_typesupport_fastrtps_cpp;rosidl_typesupport_introspection_cpp
[0.150s] -- Found rmw_implementation_cmake: 6.1.2 (/opt/ros/humble/share/rmw_implementation_cmake/cmake)
[0.151s] -- Found rmw_fastrtps_cpp: 6.2.7 (/opt/ros/humble/share/rmw_fastrtps_cpp/cmake)
[0.222s] -- Using RMW implementation 'rmw_fastrtps_cpp' as default
[0.250s] [31mCMake Error at /opt/ros/humble/share/ament_cmake_target_dependencies/cmake/ament_target_dependencies.cmake:77 (message):
[0.250s]   ament_target_dependencies() the passed package name 'serial' was not found
[0.250s]   before
[0.250s] Call Stack (most recent call first):
[0.250s]   CMakeLists.txt:22 (ament_target_dependencies)
[0.251s] 
[0.251s] [0m
[0.251s] -- Configuring incomplete, errors occurred!
[0.251s] See also "/home/sputnik/Voloneiz/UartToSbus/ROS_humble/src/chassis_controller/build/chassis_controller/CMakeFiles/CMakeOutput.log".
[0.254s] gmake: *** [Makefile:267: cmake_check_build_system] Error 1
[0.256s] Invoked command in '/home/sputnik/Voloneiz/UartToSbus/ROS_humble/src/chassis_controller/build/chassis_controller' returned '2': CMAKE_PREFIX_PATH=${CMAKE_PREFIX_PATH}:/opt/ros/humble /usr/bin/cmake --build /home/sputnik/Voloneiz/UartToSbus/ROS_humble/src/chassis_controller/build/chassis_controller -- -j20 -l20
