[0.069s] Invoking command in '/home/robot11/theseus_mecanum/UartToSbus/ROS_galactic/build/chassis_controller': CMAKE_PREFIX_PATH=${CMAKE_PREFIX_PATH}:/home/robot11/theseus_mecanum/UartToSbus/ROS_galactic/install/chassis_controller_channels:/home/robot11/theseus_mecanum/UartToSbus/ROS_galactic/install/chassis_controller_test:/opt/ros/galactic /usr/bin/cmake --build /home/robot11/theseus_mecanum/UartToSbus/ROS_galactic/build/chassis_controller -- -j4 -l4
[0.696s] [35m[1mScanning dependencies of target chassis_control[0m
[0.697s] [ 20%] [32mBuilding CXX object CMakeFiles/chassis_control.dir/src/chassis_controller.cpp.o[0m
[19.244s] [ 40%] [32m[1mLinking CXX executable chassis_control[0m
[19.962s] [100%] Built target chassis_control
[19.990s] Invoked command in '/home/robot11/theseus_mecanum/UartToSbus/ROS_galactic/build/chassis_controller' returned '0': CMAKE_PREFIX_PATH=${CMAKE_PREFIX_PATH}:/home/robot11/theseus_mecanum/UartToSbus/ROS_galactic/install/chassis_controller_channels:/home/robot11/theseus_mecanum/UartToSbus/ROS_galactic/install/chassis_controller_test:/opt/ros/galactic /usr/bin/cmake --build /home/robot11/theseus_mecanum/UartToSbus/ROS_galactic/build/chassis_controller -- -j4 -l4
[20.022s] Invoking command in '/home/robot11/theseus_mecanum/UartToSbus/ROS_galactic/build/chassis_controller': CMAKE_PREFIX_PATH=${CMAKE_PREFIX_PATH}:/home/robot11/theseus_mecanum/UartToSbus/ROS_galactic/install/chassis_controller_channels:/home/robot11/theseus_mecanum/UartToSbus/ROS_galactic/install/chassis_controller_test:/opt/ros/galactic /usr/bin/cmake --install /home/robot11/theseus_mecanum/UartToSbus/ROS_galactic/build/chassis_controller
[20.043s] -- Install configuration: ""
[20.043s] -- Installing: /home/robot11/theseus_mecanum/UartToSbus/ROS_galactic/install/chassis_controller/lib/chassis_controller/chassis_control
[20.051s] -- Set runtime path of "/home/robot11/theseus_mecanum/UartToSbus/ROS_galactic/install/chassis_controller/lib/chassis_controller/chassis_control" to ""
[20.051s] -- Up-to-date: /home/robot11/theseus_mecanum/UartToSbus/ROS_galactic/install/chassis_controller/share/ament_index/resource_index/package_run_dependencies/chassis_controller
[20.052s] -- Up-to-date: /home/robot11/theseus_mecanum/UartToSbus/ROS_galactic/install/chassis_controller/share/ament_index/resource_index/parent_prefix_path/chassis_controller
[20.052s] -- Up-to-date: /home/robot11/theseus_mecanum/UartToSbus/ROS_galactic/install/chassis_controller/share/chassis_controller/environment/ament_prefix_path.sh
[20.052s] -- Up-to-date: /home/robot11/theseus_mecanum/UartToSbus/ROS_galactic/install/chassis_controller/share/chassis_controller/environment/ament_prefix_path.dsv
[20.052s] -- Up-to-date: /home/robot11/theseus_mecanum/UartToSbus/ROS_galactic/install/chassis_controller/share/chassis_controller/environment/path.sh
[20.053s] -- Up-to-date: /home/robot11/theseus_mecanum/UartToSbus/ROS_galactic/install/chassis_controller/share/chassis_controller/environment/path.dsv
[20.053s] -- Up-to-date: /home/robot11/theseus_mecanum/UartToSbus/ROS_galactic/install/chassis_controller/share/chassis_controller/local_setup.bash
[20.053s] -- Up-to-date: /home/robot11/theseus_mecanum/UartToSbus/ROS_galactic/install/chassis_controller/share/chassis_controller/local_setup.sh
[20.053s] -- Up-to-date: /home/robot11/theseus_mecanum/UartToSbus/ROS_galactic/install/chassis_controller/share/chassis_controller/local_setup.zsh
[20.053s] -- Up-to-date: /home/robot11/theseus_mecanum/UartToSbus/ROS_galactic/install/chassis_controller/share/chassis_controller/local_setup.dsv
[20.054s] -- Installing: /home/robot11/theseus_mecanum/UartToSbus/ROS_galactic/install/chassis_controller/share/chassis_controller/package.dsv
[20.054s] -- Up-to-date: /home/robot11/theseus_mecanum/UartToSbus/ROS_galactic/install/chassis_controller/share/ament_index/resource_index/packages/chassis_controller
[20.054s] -- Up-to-date: /home/robot11/theseus_mecanum/UartToSbus/ROS_galactic/install/chassis_controller/share/chassis_controller/cmake/chassis_controllerConfig.cmake
[20.054s] -- Up-to-date: /home/robot11/theseus_mecanum/UartToSbus/ROS_galactic/install/chassis_controller/share/chassis_controller/cmake/chassis_controllerConfig-version.cmake
[20.055s] -- Up-to-date: /home/robot11/theseus_mecanum/UartToSbus/ROS_galactic/install/chassis_controller/share/chassis_controller/package.xml
[20.061s] Invoked command in '/home/robot11/theseus_mecanum/UartToSbus/ROS_galactic/build/chassis_controller' returned '0': CMAKE_PREFIX_PATH=${CMAKE_PREFIX_PATH}:/home/robot11/theseus_mecanum/UartToSbus/ROS_galactic/install/chassis_controller_channels:/home/robot11/theseus_mecanum/UartToSbus/ROS_galactic/install/chassis_controller_test:/opt/ros/galactic /usr/bin/cmake --install /home/robot11/theseus_mecanum/UartToSbus/ROS_galactic/build/chassis_controller
