-- Found ament_cmake: 1.3.11 (/opt/ros/humble/share/ament_cmake/cmake)
-- Found rclcpp: 16.0.11 (/opt/ros/humble/share/rclcpp/cmake)
-- Found rosidl_generator_c: 3.1.6 (/opt/ros/humble/share/rosidl_generator_c/cmake)
-- Found rosidl_adapter: 3.1.6 (/opt/ros/humble/share/rosidl_adapter/cmake)
-- Found rosidl_generator_cpp: 3.1.6 (/opt/ros/humble/share/rosidl_generator_cpp/cmake)
-- Using all available rosidl_typesupport_c: rosidl_typesupport_fastrtps_c;rosidl_typesupport_introspection_c
-- Using all available rosidl_typesupport_cpp: rosidl_typesupport_fastrtps_cpp;rosidl_typesupport_introspection_cpp
-- Found rmw_implementation_cmake: 6.1.2 (/opt/ros/humble/share/rmw_implementation_cmake/cmake)
-- Found rmw_fastrtps_cpp: 6.2.7 (/opt/ros/humble/share/rmw_fastrtps_cpp/cmake)
-- Using RMW implementation 'rmw_fastrtps_cpp' as default
-- Configuring done
-- Generating done
-- Build files have been written to: /home/sputnik/Voloneiz/UartToSbus/ROS_humble/src/chassis_controller/build/chassis_controller
[35m[1mConsolidate compiler generated dependencies of target chassis_controll[0m
[ 20%] [32mBuilding CXX object CMakeFiles/chassis_controll.dir/src/serial/unix.cc.o[0m
[ 40%] [32mBuilding CXX object CMakeFiles/chassis_controll.dir/src/serial/serial.cc.o[0m
[ 60%] [32mBuilding CXX object CMakeFiles/chassis_controll.dir/src/serial/win.cc.o[0m
[ 80%] [32m[1mLinking CXX executable chassis_controll[0m
[100%] Built target chassis_controll
-- Install configuration: ""
-- Installing: /home/sputnik/Voloneiz/UartToSbus/ROS_humble/src/chassis_controller/install/chassis_controller/lib/chassis_controller/chassis_controll
-- Set runtime path of "/home/sputnik/Voloneiz/UartToSbus/ROS_humble/src/chassis_controller/install/chassis_controller/lib/chassis_controller/chassis_controll" to ""
-- Installing: /home/sputnik/Voloneiz/UartToSbus/ROS_humble/src/chassis_controller/install/chassis_controller/share/ament_index/resource_index/package_run_dependencies/chassis_controller
-- Installing: /home/sputnik/Voloneiz/UartToSbus/ROS_humble/src/chassis_controller/install/chassis_controller/share/ament_index/resource_index/parent_prefix_path/chassis_controller
-- Installing: /home/sputnik/Voloneiz/UartToSbus/ROS_humble/src/chassis_controller/install/chassis_controller/share/chassis_controller/environment/ament_prefix_path.sh
-- Installing: /home/sputnik/Voloneiz/UartToSbus/ROS_humble/src/chassis_controller/install/chassis_controller/share/chassis_controller/environment/ament_prefix_path.dsv
-- Installing: /home/sputnik/Voloneiz/UartToSbus/ROS_humble/src/chassis_controller/install/chassis_controller/share/chassis_controller/environment/path.sh
-- Installing: /home/sputnik/Voloneiz/UartToSbus/ROS_humble/src/chassis_controller/install/chassis_controller/share/chassis_controller/environment/path.dsv
-- Installing: /home/sputnik/Voloneiz/UartToSbus/ROS_humble/src/chassis_controller/install/chassis_controller/share/chassis_controller/local_setup.bash
-- Installing: /home/sputnik/Voloneiz/UartToSbus/ROS_humble/src/chassis_controller/install/chassis_controller/share/chassis_controller/local_setup.sh
-- Installing: /home/sputnik/Voloneiz/UartToSbus/ROS_humble/src/chassis_controller/install/chassis_controller/share/chassis_controller/local_setup.zsh
-- Installing: /home/sputnik/Voloneiz/UartToSbus/ROS_humble/src/chassis_controller/install/chassis_controller/share/chassis_controller/local_setup.dsv
-- Installing: /home/sputnik/Voloneiz/UartToSbus/ROS_humble/src/chassis_controller/install/chassis_controller/share/chassis_controller/package.dsv
-- Installing: /home/sputnik/Voloneiz/UartToSbus/ROS_humble/src/chassis_controller/install/chassis_controller/share/ament_index/resource_index/packages/chassis_controller
-- Installing: /home/sputnik/Voloneiz/UartToSbus/ROS_humble/src/chassis_controller/install/chassis_controller/share/chassis_controller/cmake/chassis_controllerConfig.cmake
-- Installing: /home/sputnik/Voloneiz/UartToSbus/ROS_humble/src/chassis_controller/install/chassis_controller/share/chassis_controller/cmake/chassis_controllerConfig-version.cmake
-- Installing: /home/sputnik/Voloneiz/UartToSbus/ROS_humble/src/chassis_controller/install/chassis_controller/share/chassis_controller/package.xml
