[0.006s] Invoking command in '/home/sputnik/Voloneiz/UartToSbus/ROS_humble/src/chassis_controller/build/chassis_controller': CMAKE_PREFIX_PATH=${CMAKE_PREFIX_PATH}:/opt/ros/humble /usr/bin/cmake --build /home/sputnik/Voloneiz/UartToSbus/ROS_humble/src/chassis_controller/build/chassis_controller -- -j20 -l20
[0.025s] -- Found ament_cmake: 1.3.11 (/opt/ros/humble/share/ament_cmake/cmake)
[0.101s] -- Found rclcpp: 16.0.11 (/opt/ros/humble/share/rclcpp/cmake)
[0.117s] -- Found rosidl_generator_c: 3.1.6 (/opt/ros/humble/share/rosidl_generator_c/cmake)
[0.118s] -- Found rosidl_adapter: 3.1.6 (/opt/ros/humble/share/rosidl_adapter/cmake)
[0.122s] -- Found rosidl_generator_cpp: 3.1.6 (/opt/ros/humble/share/rosidl_generator_cpp/cmake)
[0.127s] -- Using all available rosidl_typesupport_c: rosidl_typesupport_fastrtps_c;rosidl_typesupport_introspection_c
[0.133s] -- Using all available rosidl_typesupport_cpp: rosidl_typesupport_fastrtps_cpp;rosidl_typesupport_introspection_cpp
[0.150s] -- Found rmw_implementation_cmake: 6.1.2 (/opt/ros/humble/share/rmw_implementation_cmake/cmake)
[0.150s] -- Found rmw_fastrtps_cpp: 6.2.7 (/opt/ros/humble/share/rmw_fastrtps_cpp/cmake)
[0.221s] -- Using RMW implementation 'rmw_fastrtps_cpp' as default
[0.285s] -- Configuring done
[0.290s] -- Generating done
[0.292s] -- Build files have been written to: /home/sputnik/Voloneiz/UartToSbus/ROS_humble/src/chassis_controller/build/chassis_controller
[0.310s] [35m[1mConsolidate compiler generated dependencies of target chassis_controll[0m
[0.321s] [ 20%] [32mBuilding CXX object CMakeFiles/chassis_controll.dir/src/serial/unix.cc.o[0m
[0.323s] [ 40%] [32mBuilding CXX object CMakeFiles/chassis_controll.dir/src/serial/serial.cc.o[0m
[0.323s] [ 60%] [32mBuilding CXX object CMakeFiles/chassis_controll.dir/src/serial/win.cc.o[0m
[0.695s] [ 80%] [32m[1mLinking CXX executable chassis_controll[0m
[0.911s] [100%] Built target chassis_controll
[0.919s] Invoked command in '/home/sputnik/Voloneiz/UartToSbus/ROS_humble/src/chassis_controller/build/chassis_controller' returned '0': CMAKE_PREFIX_PATH=${CMAKE_PREFIX_PATH}:/opt/ros/humble /usr/bin/cmake --build /home/sputnik/Voloneiz/UartToSbus/ROS_humble/src/chassis_controller/build/chassis_controller -- -j20 -l20
[0.925s] Invoking command in '/home/sputnik/Voloneiz/UartToSbus/ROS_humble/src/chassis_controller/build/chassis_controller': CMAKE_PREFIX_PATH=${CMAKE_PREFIX_PATH}:/opt/ros/humble /usr/bin/cmake --install /home/sputnik/Voloneiz/UartToSbus/ROS_humble/src/chassis_controller/build/chassis_controller
[0.930s] -- Install configuration: ""
[0.930s] -- Installing: /home/sputnik/Voloneiz/UartToSbus/ROS_humble/src/chassis_controller/install/chassis_controller/lib/chassis_controller/chassis_controll
[0.932s] -- Set runtime path of "/home/sputnik/Voloneiz/UartToSbus/ROS_humble/src/chassis_controller/install/chassis_controller/lib/chassis_controller/chassis_controll" to ""
[0.932s] -- Installing: /home/sputnik/Voloneiz/UartToSbus/ROS_humble/src/chassis_controller/install/chassis_controller/share/ament_index/resource_index/package_run_dependencies/chassis_controller
[0.932s] -- Installing: /home/sputnik/Voloneiz/UartToSbus/ROS_humble/src/chassis_controller/install/chassis_controller/share/ament_index/resource_index/parent_prefix_path/chassis_controller
[0.932s] -- Installing: /home/sputnik/Voloneiz/UartToSbus/ROS_humble/src/chassis_controller/install/chassis_controller/share/chassis_controller/environment/ament_prefix_path.sh
[0.932s] -- Installing: /home/sputnik/Voloneiz/UartToSbus/ROS_humble/src/chassis_controller/install/chassis_controller/share/chassis_controller/environment/ament_prefix_path.dsv
[0.932s] -- Installing: /home/sputnik/Voloneiz/UartToSbus/ROS_humble/src/chassis_controller/install/chassis_controller/share/chassis_controller/environment/path.sh
[0.932s] -- Installing: /home/sputnik/Voloneiz/UartToSbus/ROS_humble/src/chassis_controller/install/chassis_controller/share/chassis_controller/environment/path.dsv
[0.933s] -- Installing: /home/sputnik/Voloneiz/UartToSbus/ROS_humble/src/chassis_controller/install/chassis_controller/share/chassis_controller/local_setup.bash
[0.933s] -- Installing: /home/sputnik/Voloneiz/UartToSbus/ROS_humble/src/chassis_controller/install/chassis_controller/share/chassis_controller/local_setup.sh
[0.933s] -- Installing: /home/sputnik/Voloneiz/UartToSbus/ROS_humble/src/chassis_controller/install/chassis_controller/share/chassis_controller/local_setup.zsh
[0.933s] -- Installing: /home/sputnik/Voloneiz/UartToSbus/ROS_humble/src/chassis_controller/install/chassis_controller/share/chassis_controller/local_setup.dsv
[0.933s] -- Installing: /home/sputnik/Voloneiz/UartToSbus/ROS_humble/src/chassis_controller/install/chassis_controller/share/chassis_controller/package.dsv
[0.933s] -- Installing: /home/sputnik/Voloneiz/UartToSbus/ROS_humble/src/chassis_controller/install/chassis_controller/share/ament_index/resource_index/packages/chassis_controller
[0.933s] -- Installing: /home/sputnik/Voloneiz/UartToSbus/ROS_humble/src/chassis_controller/install/chassis_controller/share/chassis_controller/cmake/chassis_controllerConfig.cmake
[0.933s] -- Installing: /home/sputnik/Voloneiz/UartToSbus/ROS_humble/src/chassis_controller/install/chassis_controller/share/chassis_controller/cmake/chassis_controllerConfig-version.cmake
[0.933s] -- Installing: /home/sputnik/Voloneiz/UartToSbus/ROS_humble/src/chassis_controller/install/chassis_controller/share/chassis_controller/package.xml
[0.934s] Invoked command in '/home/sputnik/Voloneiz/UartToSbus/ROS_humble/src/chassis_controller/build/chassis_controller' returned '0': CMAKE_PREFIX_PATH=${CMAKE_PREFIX_PATH}:/opt/ros/humble /usr/bin/cmake --install /home/sputnik/Voloneiz/UartToSbus/ROS_humble/src/chassis_controller/build/chassis_controller
