running egg_info
creating ../../build/chassis_controller_channels/chassis_controller_channels.egg-info
writing ../../build/chassis_controller_channels/chassis_controller_channels.egg-info/PKG-INFO
writing dependency_links to ../../build/chassis_controller_channels/chassis_controller_channels.egg-info/dependency_links.txt
writing entry points to ../../build/chassis_controller_channels/chassis_controller_channels.egg-info/entry_points.txt
writing requirements to ../../build/chassis_controller_channels/chassis_controller_channels.egg-info/requires.txt
writing top-level names to ../../build/chassis_controller_channels/chassis_controller_channels.egg-info/top_level.txt
writing manifest file '../../build/chassis_controller_channels/chassis_controller_channels.egg-info/SOURCES.txt'
reading manifest file '../../build/chassis_controller_channels/chassis_controller_channels.egg-info/SOURCES.txt'
writing manifest file '../../build/chassis_controller_channels/chassis_controller_channels.egg-info/SOURCES.txt'
running build
running build_py
creating /home/robot11/theseus_mecanum/UartToSbus/ROS_galactic/build/chassis_controller_channels/build
creating /home/robot11/theseus_mecanum/UartToSbus/ROS_galactic/build/chassis_controller_channels/build/lib
creating /home/robot11/theseus_mecanum/UartToSbus/ROS_galactic/build/chassis_controller_channels/build/lib/chassis_controller_channels
copying chassis_controller_channels/ui_publisher.py -> /home/robot11/theseus_mecanum/UartToSbus/ROS_galactic/build/chassis_controller_channels/build/lib/chassis_controller_channels
copying chassis_controller_channels/__init__.py -> /home/robot11/theseus_mecanum/UartToSbus/ROS_galactic/build/chassis_controller_channels/build/lib/chassis_controller_channels
running install
running install_lib
creating /home/robot11/theseus_mecanum/UartToSbus/ROS_galactic/install/chassis_controller_channels/lib/python3.8/site-packages/chassis_controller_channels
copying /home/robot11/theseus_mecanum/UartToSbus/ROS_galactic/build/chassis_controller_channels/build/lib/chassis_controller_channels/ui_publisher.py -> /home/robot11/theseus_mecanum/UartToSbus/ROS_galactic/install/chassis_controller_channels/lib/python3.8/site-packages/chassis_controller_channels
copying /home/robot11/theseus_mecanum/UartToSbus/ROS_galactic/build/chassis_controller_channels/build/lib/chassis_controller_channels/__init__.py -> /home/robot11/theseus_mecanum/UartToSbus/ROS_galactic/install/chassis_controller_channels/lib/python3.8/site-packages/chassis_controller_channels
byte-compiling /home/robot11/theseus_mecanum/UartToSbus/ROS_galactic/install/chassis_controller_channels/lib/python3.8/site-packages/chassis_controller_channels/ui_publisher.py to ui_publisher.cpython-38.pyc
byte-compiling /home/robot11/theseus_mecanum/UartToSbus/ROS_galactic/install/chassis_controller_channels/lib/python3.8/site-packages/chassis_controller_channels/__init__.py to __init__.cpython-38.pyc
running install_data
creating /home/robot11/theseus_mecanum/UartToSbus/ROS_galactic/install/chassis_controller_channels/share/ament_index
creating /home/robot11/theseus_mecanum/UartToSbus/ROS_galactic/install/chassis_controller_channels/share/ament_index/resource_index
creating /home/robot11/theseus_mecanum/UartToSbus/ROS_galactic/install/chassis_controller_channels/share/ament_index/resource_index/packages
copying resource/chassis_controller_channels -> /home/robot11/theseus_mecanum/UartToSbus/ROS_galactic/install/chassis_controller_channels/share/ament_index/resource_index/packages
copying package.xml -> /home/robot11/theseus_mecanum/UartToSbus/ROS_galactic/install/chassis_controller_channels/share/chassis_controller_channels
running install_egg_info
Copying ../../build/chassis_controller_channels/chassis_controller_channels.egg-info to /home/robot11/theseus_mecanum/UartToSbus/ROS_galactic/install/chassis_controller_channels/lib/python3.8/site-packages/chassis_controller_channels-0.0.0-py3.8.egg-info
running install_scripts
Installing velocity_publisher script to /home/robot11/theseus_mecanum/UartToSbus/ROS_galactic/install/chassis_controller_channels/lib/chassis_controller_channels
writing list of installed files to '/home/robot11/theseus_mecanum/UartToSbus/ROS_galactic/build/chassis_controller_channels/install.log'
